Opening log file:  /home/users/mbenguebila/java.log.16170
[?1h=
                                                                                            < M A T L A B (R) >
                                                                                  Copyright 1984-2017 The MathWorks, Inc.
                                                                                  R2017a (9.2.0.538062) 64-bit (glnxa64)
                                                                                             February 23, 2017

 
To get started, type one of these: helpwin, helpdesk, or demo.
For product information, visit www.mathworks.com.
 
[H[J    10

Elapsed time is 138.555515 seconds.
File #	Point #	Step #	Time	#Time left
1	1	0	    0.00	     Inf
1	6	5000	    2.44	 4878.56
1	11	10000	    4.84	 4832.83
1	16	15000	    7.20	 4793.24
1	21	20000	    9.57	 4776.26
1	26	25000	   11.96	 4770.24
1	31	30000	   14.32	 4759.79
1	36	35000	   16.72	 4759.90
1	41	40000	   19.06	 4747.02
1	46	45000	   21.42	 4739.32
1	51	50000	   23.77	 4729.80
1	56	55000	   26.13	 4724.39
1	61	60000	   28.50	 4720.78
1	66	65000	   30.85	 4715.00
1	71	70000	   33.23	 4713.46
1	76	75000	   35.57	 4706.96
1	81	80000	   37.90	 4700.20
1	86	85000	   40.22	 4691.99
1	91	90000	   42.56	 4686.75
1	96	95000	   44.95	 4686.73
1	101	100000	   47.34	 4686.71
1	106	105000	   49.68	 4682.00
1	111	110000	   52.04	 4679.00
1	116	115000	   54.39	 4675.60
1	121	120000	   56.71	 4668.81
1	126	125000	   59.06	 4665.95
1	131	130000	   61.48	 4667.54
1	136	135000	   63.83	 4664.37
1	141	140000	   66.20	 4662.42
1	146	145000	   68.56	 4659.99
1	151	150000	   70.90	 4655.53
1	156	155000	   73.27	 4653.91
1	161	160000	   75.65	 4652.56
1	166	165000	   78.02	 4650.68
1	171	170000	   80.43	 4650.77
1	176	175000	   82.80	 4648.72
1	181	180000	   85.16	 4646.15
1	186	185000	   87.49	 4641.81
1	191	190000	   89.87	 4640.27
1	196	195000	   92.24	 4638.04
1	201	200000	   94.59	 4634.80
1	206	205000	   96.93	 4631.56
1	211	210000	   99.30	 4629.07
1	216	215000	  101.65	 4626.35
1	221	220000	  103.95	 4620.98
1	226	225000	  106.27	 4616.65
1	231	230000	  108.64	 4614.80
1	236	235000	  110.95	 4610.47
1	241	240000	  113.28	 4606.77
1	246	245000	  115.61	 4603.02
1	251	250000	  117.94	 4599.67
1	256	255000	  120.27	 4596.03
1	261	260000	  122.58	 4592.14
1	266	265000	  124.93	 4589.54
1	271	270000	  127.24	 4585.48
1	276	275000	  129.60	 4583.01
1	281	280000	  131.91	 4579.18
1	286	285000	  134.24	 4576.04
1	291	290000	  136.64	 4575.05
1	296	295000	  139.05	 4574.52
1	301	300000	  141.40	 4571.95
1	306	305000	  143.80	 4571.08
1	311	310000	  146.23	 4570.81
1	316	315000	  148.64	 4570.08
1	321	320000	  151.01	 4568.08
1	326	325000	  153.34	 4564.79
1	331	330000	  155.66	 4561.45
1	336	335000	  157.96	 4557.22
1	341	340000	  160.28	 4553.72
1	346	345000	  162.68	 4552.81
1	351	350000	  165.06	 4550.91
1	356	355000	  167.40	 4547.96
1	361	360000	  169.77	 4545.95
1	366	365000	  172.08	 4542.52
1	371	370000	  174.49	 4541.49
1	376	375000	  176.92	 4540.82
1	381	380000	  179.27	 4538.26
1	386	385000	  181.59	 4535.10
1	391	390000	  183.94	 4532.41
1	396	395000	  186.26	 4529.24
1	401	400000	  188.58	 4525.98
1	406	405000	  191.00	 4525.15
1	411	410000	  193.43	 4524.40
1	416	415000	  195.86	 4523.63
1	421	420000	  198.25	 4521.91
1	426	425000	  200.52	 4517.53
1	431	430000	  202.85	 4514.62
1	436	435000	  205.25	 4513.07
1	441	440000	  207.63	 4511.19
1	446	445000	  209.96	 4508.22
1	451	450000	  212.28	 4505.15
1	456	455000	  214.67	 4503.42
1	461	460000	  217.04	 4501.13
1	466	465000	  219.35	 4497.92
1	471	470000	  221.68	 4494.89
1	476	475000	  223.98	 4491.34
1	481	480000	  226.31	 4488.56
1	486	485000	  228.62	 4485.25
1	491	490000	  230.97	 4482.68
1	496	495000	  233.35	 4480.87
1	501	500000	  235.71	 4478.48
1	506	505000	  238.03	 4475.49
1	511	510000	  240.37	 4472.83
1	516	515000	  242.74	 4470.62
1	521	520000	  245.11	 4468.60
1	526	525000	  247.42	 4465.36
1	531	530000	  249.76	 4462.77
1	536	535000	  252.12	 4460.36
1	541	540000	  254.39	 4456.50
1	546	545000	  256.74	 4454.06
1	551	550000	  259.10	 4451.81
1	556	555000	  261.48	 4449.89
1	561	560000	  263.83	 4447.50
1	566	565000	  266.23	 4445.81
1	571	570000	  268.62	 4444.00
1	576	575000	  270.93	 4440.90
1	581	580000	  273.27	 4438.28
1	586	585000	  275.66	 4436.47
1	591	590000	  278.00	 4433.80
1	596	595000	  280.35	 4431.48
1	601	600000	  282.70	 4429.00
1	606	605000	  285.00	 4425.79
1	611	610000	  287.32	 4422.78
1	616	615000	  289.70	 4420.82
1	621	620000	  291.98	 4417.31
1	626	625000	  294.27	 4414.07
1	631	630000	  296.62	 4411.63
1	636	635000	  298.97	 4409.26
1	641	640000	  301.32	 4406.78
1	646	645000	  303.69	 4404.64
1	651	650000	  306.05	 4402.39
1	656	655000	  308.37	 4399.62
1	661	660000	  310.70	 4396.86
1	666	665000	  313.02	 4394.00
1	671	670000	  315.34	 4391.16
1	676	675000	  317.67	 4388.60
1	681	680000	  320.03	 4386.35
1	686	685000	  322.41	 4384.25
1	691	690000	  324.73	 4381.51
1	696	695000	  327.07	 4378.94
1	701	700000	  329.36	 4375.81
1	706	705000	  331.78	 4374.35
1	711	710000	  334.20	 4372.86
1	716	715000	  336.59	 4370.98
1	721	720000	  338.94	 4368.55
1	726	725000	  341.26	 4365.77
1	731	730000	  343.58	 4362.96
1	736	735000	  345.91	 4360.30
1	741	740000	  348.23	 4357.61
1	746	745000	  350.60	 4355.39
1	751	750000	  352.89	 4352.31
1	756	755000	  355.20	 4349.49
1	761	760000	  357.47	 4346.08
1	766	765000	  359.81	 4343.64
1	771	770000	  362.14	 4341.02
1	776	775000	  364.47	 4338.39
1	781	780000	  366.83	 4336.13
1	786	785000	  369.17	 4333.66
1	791	790000	  371.53	 4331.39
1	796	795000	  373.89	 4329.18
1	801	800000	  376.24	 4326.77
1	806	805000	  378.57	 4324.20
1	811	810000	  380.97	 4322.37
1	816	815000	  383.31	 4319.84
1	821	820000	  385.64	 4317.34
1	826	825000	  387.97	 4314.70
1	831	830000	  390.27	 4311.78
1	836	835000	  392.58	 4308.94
1	841	840000	  394.93	 4306.59
1	846	845000	  397.25	 4303.94
1	851	850000	  399.60	 4301.58
1	856	855000	  401.96	 4299.32
1	861	860000	  404.28	 4296.69
1	866	865000	  406.63	 4294.31
1	871	870000	  408.99	 4292.07
1	876	875000	  411.34	 4289.65
1	881	880000	  413.71	 4287.51
1	886	885000	  416.05	 4285.09
1	891	890000	  418.42	 4282.88
1	896	895000	  420.76	 4280.44
1	901	900000	  423.09	 4277.90
1	906	905000	  425.40	 4275.20
1	911	910000	  427.75	 4272.78
1	916	915000	  430.11	 4270.51
1	921	920000	  432.42	 4267.84
1	926	925000	  434.77	 4265.41
1	931	930000	  437.12	 4263.13
1	936	935000	  439.49	 4260.92
1	941	940000	  441.85	 4258.63
1	946	945000	  444.19	 4256.27
1	951	950000	  446.55	 4253.99
1	956	955000	  448.90	 4251.66
1	961	960000	  451.25	 4249.26
1	966	965000	  453.61	 4246.99
1	971	970000	  455.94	 4244.48
1	976	975000	  458.24	 4241.69
1	981	980000	  460.56	 4239.07
1	986	985000	  462.90	 4236.59
1	991	990000	  465.27	 4234.40
1	996	995000	  467.59	 4231.81
2	1	1000000	  470.02	 4230.18
2	6	1005000	  472.34	 4227.56
2	11	1010000	  474.67	 4225.02
2	16	1015000	  476.99	 4222.40
2	21	1020000	  479.31	 4219.84
2	26	1025000	  481.62	 4217.14
2	31	1030000	  483.93	 4214.38
2	36	1035000	  486.27	 4211.96
2	41	1040000	  488.60	 4209.50
2	46	1045000	  490.92	 4206.86
2	51	1050000	  493.19	 4203.84
2	56	1055000	  495.52	 4201.38
2	61	1060000	  497.83	 4198.70
2	66	1065000	  500.19	 4196.44
2	71	1070000	  502.49	 4193.72
2	76	1075000	  504.83	 4191.29
2	81	1080000	  507.18	 4188.95
2	86	1085000	  509.43	 4185.78
2	91	1090000	  511.75	 4183.18
2	96	1095000	  514.08	 4180.70
2	101	1100000	  516.41	 4178.26
2	106	1105000	  518.76	 4175.94
2	111	1110000	  521.09	 4173.39
2	116	1115000	  523.41	 4170.82
2	121	1120000	  525.75	 4168.44
2	126	1125000	  528.17	 4166.69
2	131	1130000	  530.53	 4164.41
2	136	1135000	  532.92	 4162.44
2	141	1140000	  535.27	 4160.12
2	146	1145000	  537.54	 4157.16
2	151	1150000	  539.82	 4154.27
2	156	1155000	  542.15	 4151.82
2	161	1160000	  544.47	 4149.22
2	166	1165000	  546.80	 4146.75
2	171	1170000	  549.13	 4144.27
2	176	1175000	  551.48	 4141.95
2	181	1180000	  553.82	 4139.60
2	186	1185000	  556.15	 4137.12
2	191	1190000	  558.46	 4134.52
2	196	1195000	  560.79	 4132.03
2	201	1200000	  563.11	 4129.47
2	206	1205000	  565.44	 4127.01
2	211	1210000	  567.76	 4124.50
2	216	1215000	  570.12	 4122.22
2	221	1220000	  572.53	 4120.37
2	226	1225000	  574.94	 4118.45
2	231	1230000	  577.38	 4116.74
2	236	1235000	  579.79	 4114.86
2	241	1240000	  582.22	 4113.08
2	246	1245000	  584.64	 4111.29
2	251	1250000	  586.97	 4108.80
2	256	1255000	  589.24	 4105.87
2	261	1260000	  591.56	 4103.39
2	266	1265000	  593.91	 4101.03
2	271	1270000	  596.24	 4098.55
2	276	1275000	  598.60	 4096.27
2	281	1280000	  600.94	 4093.93
2	286	1285000	  603.30	 4091.65
2	291	1290000	  605.65	 4089.31
2	296	1295000	  607.98	 4086.83
2	301	1300000	  610.28	 4084.20
2	306	1305000	  612.58	 4081.54
2	311	1310000	  614.87	 4078.82
2	316	1315000	  617.27	 4076.81
2	321	1320000	  619.63	 4074.54
2	326	1325000	  621.95	 4072.02
2	331	1330000	  624.35	 4069.98
2	336	1335000	  626.75	 4067.98
2	341	1340000	  629.11	 4065.71
2	346	1345000	  631.44	 4063.31
2	351	1350000	  633.77	 4060.82
2	356	1355000	  636.08	 4058.22
2	361	1360000	  638.43	 4055.90
2	366	1365000	  640.76	 4053.42
2	371	1370000	  643.08	 4050.96
2	376	1375000	  645.39	 4048.37
2	381	1380000	  647.74	 4046.01
2	386	1385000	  650.08	 4043.62
2	391	1390000	  652.46	 4041.49
2	396	1395000	  654.79	 4039.06
2	401	1400000	  657.10	 4036.47
2	406	1405000	  659.49	 4034.36
2	411	1410000	  661.84	 4032.04
2	416	1415000	  664.17	 4029.62
2	421	1420000	  666.48	 4027.07
2	426	1425000	  668.79	 4024.48
2	431	1430000	  671.16	 4022.27
2	436	1435000	  673.47	 4019.69
2	441	1440000	  675.79	 4017.21
2	446	1445000	  678.15	 4014.95
2	451	1450000	  680.50	 4012.63
2	456	1455000	  682.85	 4010.26
2	461	1460000	  685.26	 4008.31
2	466	1465000	  687.62	 4006.04
2	471	1470000	  689.97	 4003.70
2	476	1475000	  692.30	 4001.25
2	481	1480000	  694.58	 3998.52
2	486	1485000	  696.87	 3995.88
2	491	1490000	  699.20	 3993.40
2	496	1495000	  701.57	 3991.19
2	501	1500000	  703.89	 3988.72
2	506	1505000	  706.25	 3986.47
2	511	1510000	  708.61	 3984.18
2	516	1515000	  710.95	 3981.78
2	521	1520000	  713.23	 3979.08
2	526	1525000	  715.51	 3976.35
2	531	1530000	  717.82	 3973.84
2	536	1535000	  720.20	 3971.66
2	541	1540000	  722.55	 3969.32
2	546	1545000	  724.91	 3967.05
2	551	1550000	  727.24	 3964.64
2	556	1555000	  729.58	 3962.27
2	561	1560000	  731.91	 3959.81
2	566	1565000	  734.24	 3957.41
2	571	1570000	  736.59	 3955.05
2	576	1575000	  738.91	 3952.56
2	581	1580000	  741.27	 3950.32
2	586	1585000	  743.62	 3947.98
2	591	1590000	  745.99	 3945.75
2	596	1595000	  748.34	 3943.45
2	601	1600000	  750.72	 3941.30
2	606	1605000	  753.09	 3939.05
2	611	1610000	  755.42	 3936.63
2	616	1615000	  757.80	 3934.44
2	621	1620000	  760.10	 3931.89
2	626	1625000	  762.42	 3929.41
2	631	1630000	  764.79	 3927.19
2	636	1635000	  767.22	 3925.24
2	641	1640000	  769.64	 3923.26
2	646	1645000	  772.02	 3921.09
2	651	1650000	  774.33	 3918.59
2	656	1655000	  776.66	 3916.15
2	661	1660000	  779.01	 3913.80
2	666	1665000	  781.33	 3911.36
2	671	1670000	  783.64	 3908.82
2	676	1675000	  786.01	 3906.60
2	681	1680000	  788.34	 3904.14
2	686	1685000	  790.64	 3901.59
2	691	1690000	  792.98	 3899.20
2	696	1695000	  795.33	 3896.90
2	701	1700000	  797.75	 3894.92
2	706	1705000	  800.15	 3892.83
2	711	1710000	  802.51	 3890.51
2	716	1715000	  804.85	 3888.17
2	721	1720000	  807.18	 3885.72
2	726	1725000	  809.50	 3883.23
2	731	1730000	  811.88	 3881.05
2	736	1735000	  814.24	 3878.76
2	741	1740000	  816.56	 3876.32
2	746	1745000	  818.92	 3874.04
2	751	1750000	  821.26	 3871.65
2	756	1755000	  823.59	 3869.23
2	761	1760000	  825.97	 3867.03
2	766	1765000	  828.35	 3864.85
2	771	1770000	  830.71	 3862.57
2	776	1775000	  833.08	 3860.33
2	781	1780000	  835.45	 3858.08
2	786	1785000	  837.75	 3855.52
2	791	1790000	  840.11	 3853.24
2	796	1795000	  842.47	 3850.97
2	801	1800000	  844.81	 3848.59
2	806	1805000	  847.15	 3846.20
2	811	1810000	  849.47	 3843.75
2	816	1815000	  851.81	 3841.35
2	821	1820000	  854.14	 3838.92
2	826	1825000	  856.49	 3836.59
2	831	1830000	  858.84	 3834.29
2	836	1835000	  861.19	 3831.96
2	841	1840000	  863.53	 3829.55
2	846	1845000	  865.87	 3827.17
2	851	1850000	  868.22	 3824.85
2	856	1855000	  870.61	 3822.72
2	861	1860000	  872.95	 3820.31
2	866	1865000	  875.28	 3817.92
2	871	1870000	  877.64	 3815.61
2	876	1875000	  879.98	 3813.26
2	881	1880000	  882.35	 3810.99
2	886	1885000	  884.70	 3808.68
2	891	1890000	  887.05	 3806.33
2	896	1895000	  889.41	 3804.06
2	901	1900000	  891.74	 3801.64
2	906	1905000	  894.08	 3799.25
2	911	1910000	  896.39	 3796.74
2	916	1915000	  898.76	 3794.50
2	921	1920000	  901.09	 3792.09
2	926	1925000	  903.46	 3789.84
2	931	1930000	  905.80	 3787.44
2	936	1935000	  908.12	 3784.99
2	941	1940000	  910.47	 3782.67
2	946	1945000	  912.79	 3780.21
2	951	1950000	  915.12	 3777.80
2	956	1955000	  917.43	 3775.32
2	961	1960000	  919.77	 3772.94
2	966	1965000	  922.13	 3770.63
2	971	1970000	  924.40	 3767.99
2	976	1975000	  926.77	 3765.73
2	981	1980000	  929.10	 3763.34
2	986	1985000	  931.42	 3760.87
2	991	1990000	  933.80	 3758.66
2	996	1995000	  936.16	 3756.35
3	1	2000000	  938.49	 3753.98
3	6	2005000	  940.80	 3751.47
3	11	2010000	  943.15	 3749.15
3	16	2015000	  945.53	 3746.92
3	21	2020000	  947.85	 3744.46
3	26	2025000	  950.20	 3742.13
3	31	2030000	  952.51	 3739.66
3	36	2035000	  954.81	 3737.14
3	41	2040000	  957.15	 3734.76
3	46	2045000	  959.48	 3732.37
3	51	2050000	  961.82	 3729.98
3	56	2055000	  964.22	 3727.85
3	61	2060000	  966.55	 3725.42
3	66	2065000	  968.91	 3723.15
3	71	2070000	  971.21	 3720.62
3	76	2075000	  973.55	 3718.26
3	81	2080000	  975.87	 3715.80
3	86	2085000	  978.22	 3713.47
3	91	2090000	  980.55	 3711.10
3	96	2095000	  982.90	 3708.74
3	101	2100000	  985.27	 3706.49
3	106	2105000	  987.64	 3704.22
3	111	2110000	  989.96	 3701.80
3	116	2115000	  992.29	 3699.38
3	121	2120000	  994.61	 3696.96
3	126	2125000	  996.87	 3694.29
3	131	2130000	  999.12	 3691.59
3	136	2135000	 1001.45	 3689.17
3	141	2140000	 1003.79	 3686.83
3	146	2145000	 1006.13	 3684.46
3	151	2150000	 1008.49	 3682.16
3	156	2155000	 1010.85	 3679.87
3	161	2160000	 1013.19	 3677.51
3	166	2165000	 1015.52	 3675.10
3	171	2170000	 1017.85	 3672.69
3	176	2175000	 1020.15	 3670.21
3	181	2180000	 1022.51	 3667.90
3	186	2185000	 1024.91	 3665.74
3	191	2190000	 1027.24	 3663.35
3	196	2195000	 1029.57	 3660.96
3	201	2200000	 1031.92	 3658.62
3	206	2205000	 1034.27	 3656.30
3	211	2210000	 1036.59	 3653.85
3	216	2215000	 1038.93	 3651.48
3	221	2220000	 1041.27	 3649.14
3	226	2225000	 1043.63	 3646.84
3	231	2230000	 1045.96	 3644.43
3	236	2235000	 1048.31	 3642.12
3	241	2240000	 1050.68	 3639.87
3	246	2245000	 1053.09	 3637.75
3	251	2250000	 1055.46	 3635.47
3	256	2255000	 1057.81	 3633.16
3	261	2260000	 1060.17	 3630.84
3	266	2265000	 1062.48	 3628.37
3	271	2270000	 1064.82	 3626.03
3	276	2275000	 1067.14	 3623.57
3	281	2280000	 1069.45	 3621.14
3	286	2285000	 1071.80	 3618.78
3	291	2290000	 1074.14	 3616.42
3	296	2295000	 1076.50	 3614.15
3	301	2300000	 1078.84	 3611.77
3	306	2305000	 1081.19	 3609.43
3	311	2310000	 1083.52	 3607.03
3	316	2315000	 1085.87	 3604.71
3	321	2320000	 1088.20	 3602.32
3	326	2325000	 1090.52	 3599.90
3	331	2330000	 1092.83	 3597.41
3	336	2335000	 1095.14	 3594.98
3	341	2340000	 1097.47	 3592.58
3	346	2345000	 1099.82	 3590.25
3	351	2350000	 1102.15	 3587.86
3	356	2355000	 1104.47	 3585.43
3	361	2360000	 1106.79	 3582.99
3	366	2365000	 1109.12	 3580.62
3	371	2370000	 1111.48	 3578.30
3	376	2375000	 1113.81	 3575.92
3	381	2380000	 1116.15	 3573.55
3	386	2385000	 1118.46	 3571.09
3	391	2390000	 1120.83	 3568.84
3	396	2395000	 1123.23	 3566.68
3	401	2400000	 1125.61	 3564.43
3	406	2405000	 1127.94	 3562.04
3	411	2410000	 1130.26	 3559.61
3	416	2415000	 1132.58	 3557.18
3	421	2420000	 1134.91	 3554.80
3	426	2425000	 1137.15	 3552.12
3	431	2430000	 1139.46	 3549.69
3	436	2435000	 1141.84	 3547.45
3	441	2440000	 1144.14	 3544.94
3	446	2445000	 1146.47	 3542.58
3	451	2450000	 1148.79	 3540.16
3	456	2455000	 1151.13	 3537.80
3	461	2460000	 1153.51	 3535.57
3	466	2465000	 1155.87	 3533.26
3	471	2470000	 1158.21	 3530.91
3	476	2475000	 1160.55	 3528.55
3	481	2480000	 1162.85	 3526.05
3	486	2485000	 1165.18	 3523.68
3	491	2490000	 1167.48	 3521.21
3	496	2495000	 1169.82	 3518.84
3	501	2500000	 1172.17	 3516.52
3	506	2505000	 1174.52	 3514.20
3	511	2510000	 1176.86	 3511.83
3	516	2515000	 1179.21	 3509.51
3	521	2520000	 1181.57	 3507.21
3	526	2525000	 1183.94	 3504.93
3	531	2530000	 1186.31	 3502.66
3	536	2535000	 1188.68	 3500.40
3	541	2540000	 1191.04	 3498.10
3	546	2545000	 1193.39	 3495.76
3	551	2550000	 1195.74	 3493.44
3	556	2555000	 1198.12	 3491.18
3	561	2560000	 1200.48	 3488.88
3	566	2565000	 1202.85	 3486.61
3	571	2570000	 1205.23	 3484.39
3	576	2575000	 1207.62	 3482.18
3	581	2580000	 1210.00	 3479.91
3	586	2585000	 1212.35	 3477.58
3	591	2590000	 1214.70	 3475.28
3	596	2595000	 1217.09	 3473.04
3	601	2600000	 1219.42	 3470.67
3	606	2605000	 1221.73	 3468.22
3	611	2610000	 1224.12	 3466.00
3	616	2615000	 1226.55	 3463.88
3	621	2620000	 1228.92	 3461.63
3	626	2625000	 1231.30	 3459.36
3	631	2630000	 1233.62	 3456.94
3	636	2635000	 1235.95	 3454.56
3	641	2640000	 1238.28	 3452.17
3	646	2645000	 1240.58	 3449.70
3	651	2650000	 1242.95	 3447.42
3	656	2655000	 1245.26	 3444.99
3	661	2660000	 1247.60	 3442.62
3	666	2665000	 1249.93	 3440.25
3	671	2670000	 1252.28	 3437.90
3	676	2675000	 1254.62	 3435.55
3	681	2680000	 1256.87	 3432.95
3	686	2685000	 1259.12	 3430.35
3	691	2690000	 1261.44	 3427.92
3	696	2695000	 1263.77	 3425.54
3	701	2700000	 1266.11	 3423.18
3	706	2705000	 1268.44	 3420.80
3	711	2710000	 1270.78	 3418.44
3	716	2715000	 1273.13	 3416.11
3	721	2720000	 1275.48	 3413.79
3	726	2725000	 1277.85	 3411.50
3	731	2730000	 1280.22	 3409.23
3	736	2735000	 1282.64	 3407.07
3	741	2740000	 1284.99	 3404.77
3	746	2745000	 1287.33	 3402.40
3	751	2750000	 1289.68	 3400.05
3	756	2755000	 1291.98	 3397.59
3	761	2760000	 1294.30	 3395.18
3	766	2765000	 1296.66	 3392.89
3	771	2770000	 1299.03	 3390.60
3	776	2775000	 1301.41	 3388.35
3	781	2780000	 1303.79	 3386.10
3	786	2785000	 1306.12	 3383.72
3	791	2790000	 1308.46	 3381.35
3	796	2795000	 1310.82	 3379.05
3	801	2800000	 1313.16	 3376.70
3	806	2805000	 1315.46	 3374.24
3	811	2810000	 1317.83	 3371.94
3	816	2815000	 1320.16	 3369.58
3	821	2820000	 1322.50	 3367.21
3	826	2825000	 1324.84	 3364.85
3	831	2830000	 1327.16	 3362.45
3	836	2835000	 1329.52	 3360.15
3	841	2840000	 1331.85	 3357.76
3	846	2845000	 1334.18	 3355.39
3	851	2850000	 1336.57	 3353.14
3	856	2855000	 1338.89	 3350.75
3	861	2860000	 1341.20	 3348.31
3	866	2865000	 1343.52	 3345.91
3	871	2870000	 1345.92	 3343.70
3	876	2875000	 1348.28	 3341.39
3	881	2880000	 1350.63	 3339.06
3	886	2885000	 1352.96	 3336.67
3	891	2890000	 1355.34	 3334.41
3	896	2895000	 1357.72	 3332.15
3	901	2900000	 1360.05	 3329.79
3	906	2905000	 1362.38	 3327.40
3	911	2910000	 1364.73	 3325.06
3	916	2915000	 1367.05	 3322.66
3	921	2920000	 1369.34	 3320.19
3	926	2925000	 1371.68	 3317.83
3	931	2930000	 1374.10	 3315.66
3	936	2935000	 1376.52	 3313.49
3	941	2940000	 1378.94	 3311.32
3	946	2945000	 1381.36	 3309.16
3	951	2950000	 1383.75	 3306.93
3	956	2955000	 1386.07	 3304.53
3	961	2960000	 1388.40	 3302.13
3	966	2965000	 1390.77	 3299.84
3	971	2970000	 1393.10	 3297.47
3	976	2975000	 1395.46	 3295.16
3	981	2980000	 1397.79	 3292.78
3	986	2985000	 1400.15	 3290.48
3	991	2990000	 1402.55	 3288.24
3	996	2995000	 1404.89	 3285.90
4	1	3000000	 1407.24	 3283.57
4	6	3005000	 1409.60	 3281.25
4	11	3010000	 1411.94	 3278.89
4	16	3015000	 1414.27	 3276.50
4	21	3020000	 1416.56	 3274.04
4	26	3025000	 1418.88	 3271.62
4	31	3030000	 1421.29	 3269.44
4	36	3035000	 1423.64	 3267.11
4	41	3040000	 1425.99	 3264.76
4	46	3045000	 1428.33	 3262.42
4	51	3050000	 1430.67	 3260.05
4	56	3055000	 1433.00	 3257.67
4	61	3060000	 1435.33	 3255.29
4	66	3065000	 1437.68	 3252.95
4	71	3070000	 1440.03	 3250.62
4	76	3075000	 1442.31	 3248.13
4	81	3080000	 1444.63	 3245.73
4	86	3085000	 1446.96	 3243.35
4	91	3090000	 1449.23	 3240.83
4	96	3095000	 1451.58	 3238.49
4	101	3100000	 1453.88	 3236.06
4	106	3105000	 1456.26	 3233.79
4	111	3110000	 1458.59	 3231.40
4	116	3115000	 1460.82	 3228.82
4	121	3120000	 1463.10	 3226.31
4	126	3125000	 1465.40	 3223.87
4	131	3130000	 1467.76	 3221.57
4	136	3135000	 1470.04	 3219.08
4	141	3140000	 1472.38	 3216.73
4	146	3145000	 1474.68	 3214.28
4	151	3150000	 1477.00	 3211.89
4	156	3155000	 1479.33	 3209.52
4	161	3160000	 1481.65	 3207.13
4	166	3165000	 1484.00	 3204.78
4	171	3170000	 1486.36	 3202.48
4	176	3175000	 1488.67	 3200.06
4	181	3180000	 1490.97	 3197.62
4	186	3185000	 1493.30	 3195.25
4	191	3190000	 1495.63	 3192.86
4	196	3195000	 1498.02	 3190.61
4	201	3200000	 1500.37	 3188.29
4	206	3205000	 1502.75	 3186.02
4	211	3210000	 1505.05	 3183.58
4	216	3215000	 1507.40	 3181.26
4	221	3220000	 1509.76	 3178.94
4	226	3225000	 1512.08	 3176.54
4	231	3230000	 1514.33	 3173.99
4	236	3235000	 1516.60	 3171.51
4	241	3240000	 1518.90	 3169.07
4	246	3245000	 1521.21	 3166.65
4	251	3250000	 1523.54	 3164.28
4	256	3255000	 1525.84	 3161.83
4	261	3260000	 1528.16	 3159.46
4	266	3265000	 1530.51	 3157.13
4	271	3270000	 1532.83	 3154.72
4	276	3275000	 1535.08	 3152.18
4	281	3280000	 1537.46	 3149.93
4	286	3285000	 1539.84	 3147.65
4	291	3290000	 1542.24	 3145.42
4	296	3295000	 1544.61	 3143.14
4	301	3300000	 1546.93	 3140.74
4	306	3305000	 1549.22	 3138.28
4	311	3310000	 1551.58	 3135.97
4	316	3315000	 1553.81	 3133.39
4	321	3320000	 1556.10	 3130.95
4	326	3325000	 1558.42	 3128.56
4	331	3330000	 1560.73	 3126.14
4	336	3335000	 1563.09	 3123.84
4	341	3340000	 1565.45	 3121.53
4	346	3345000	 1567.81	 3119.22
4	351	3350000	 1570.11	 3116.78
4	356	3355000	 1572.47	 3114.48
4	361	3360000	 1574.80	 3112.11
4	366	3365000	 1577.13	 3109.74
4	371	3370000	 1579.49	 3107.42
4	376	3375000	 1581.80	 3105.02
4	381	3380000	 1584.14	 3102.67
4	386	3385000	 1586.49	 3100.33
4	391	3390000	 1588.78	 3097.89
4	396	3395000	 1591.15	 3095.60
4	401	3400000	 1593.49	 3093.24
4	406	3405000	 1595.79	 3090.81
4	411	3410000	 1598.11	 3088.43
4	416	3415000	 1600.41	 3086.01
4	421	3420000	 1602.72	 3083.60
4	426	3425000	 1605.06	 3081.25
4	431	3430000	 1607.40	 3078.90
4	436	3435000	 1609.71	 3076.50
4	441	3440000	 1612.00	 3074.05
4	446	3445000	 1614.31	 3071.64
4	451	3450000	 1616.67	 3069.34
4	456	3455000	 1619.03	 3067.02
4	461	3460000	 1621.39	 3064.70
4	466	3465000	 1623.74	 3062.38
4	471	3470000	 1626.14	 3060.14
4	476	3475000	 1628.46	 3057.76
4	481	3480000	 1630.83	 3055.46
4	486	3485000	 1633.16	 3053.10
4	491	3490000	 1635.52	 3050.79
4	496	3495000	 1637.92	 3048.55
4	501	3500000	 1640.32	 3046.30
4	506	3505000	 1642.65	 3043.94
4	511	3510000	 1645.00	 3041.62
4	516	3515000	 1647.33	 3039.23
4	521	3520000	 1649.67	 3036.88
4	526	3525000	 1652.04	 3034.59
4	531	3530000	 1654.39	 3032.26
4	536	3535000	 1656.75	 3029.96
4	541	3540000	 1659.13	 3027.68
4	546	3545000	 1661.49	 3025.37
4	551	3550000	 1663.86	 3023.06
4	556	3555000	 1666.25	 3020.80
4	561	3560000	 1668.65	 3018.57
4	566	3565000	 1670.98	 3016.19
4	571	3570000	 1673.33	 3013.86
4	576	3575000	 1675.69	 3011.56
4	581	3580000	 1678.02	 3009.19
4	586	3585000	 1680.35	 3006.83
4	591	3590000	 1682.65	 3004.40
4	596	3595000	 1684.99	 3002.04
4	601	3600000	 1687.33	 2999.70
4	606	3605000	 1689.64	 2997.30
4	611	3610000	 1691.98	 2994.95
4	616	3615000	 1694.30	 2992.56
4	621	3620000	 1696.68	 2990.28
4	626	3625000	 1699.07	 2988.02
4	631	3630000	 1701.43	 2985.70
4	636	3635000	 1703.76	 2983.33
4	641	3640000	 1706.14	 2981.06
4	646	3645000	 1708.49	 2978.72
4	651	3650000	 1710.82	 2976.35
4	656	3655000	 1713.17	 2974.03
4	661	3660000	 1715.45	 2971.57
4	666	3665000	 1717.79	 2969.23
4	671	3670000	 1720.10	 2966.82
4	676	3675000	 1722.46	 2964.51
4	681	3680000	 1724.88	 2962.29
4	686	3685000	 1727.29	 2960.06
4	691	3690000	 1729.61	 2957.68
4	696	3695000	 1731.97	 2955.37
4	701	3700000	 1734.29	 2952.98
4	706	3705000	 1736.58	 2950.55
4	711	3710000	 1738.88	 2948.12
4	716	3715000	 1741.22	 2945.78
4	721	3720000	 1743.58	 2943.46
4	726	3725000	 1745.88	 2941.05
4	731	3730000	 1748.19	 2938.65
4	736	3735000	 1750.52	 2936.29
4	741	3740000	 1752.87	 2933.95
4	746	3745000	 1755.21	 2931.60
4	751	3750000	 1757.58	 2929.30
4	756	3755000	 1759.93	 2926.96
4	761	3760000	 1762.24	 2924.56
4	766	3765000	 1764.60	 2922.25
4	771	3770000	 1766.96	 2919.93
4	776	3775000	 1769.32	 2917.62
4	781	3780000	 1771.72	 2915.38
4	786	3785000	 1774.15	 2913.16
4	791	3790000	 1776.58	 2910.96
4	796	3795000	 1778.94	 2908.64
4	801	3800000	 1781.33	 2906.38
4	806	3805000	 1783.66	 2904.01
4	811	3810000	 1785.97	 2901.62
4	816	3815000	 1788.30	 2899.25
4	821	3820000	 1790.66	 2896.92
4	826	3825000	 1793.02	 2894.61
4	831	3830000	 1795.38	 2892.30
4	836	3835000	 1797.78	 2890.05
4	841	3840000	 1800.11	 2887.68
4	846	3845000	 1802.43	 2885.30
4	851	3850000	 1804.79	 2882.98
4	856	3855000	 1807.12	 2880.62
4	861	3860000	 1809.52	 2878.35
4	866	3865000	 1811.84	 2875.97
4	871	3870000	 1814.18	 2873.62
4	876	3875000	 1816.50	 2871.24
4	881	3880000	 1818.84	 2868.90
4	886	3885000	 1821.18	 2866.54
4	891	3890000	 1823.52	 2864.19
4	896	3895000	 1825.82	 2861.78
4	901	3900000	 1828.14	 2859.39
4	906	3905000	 1830.44	 2856.99
4	911	3910000	 1832.77	 2854.62
4	916	3915000	 1835.08	 2852.23
4	921	3920000	 1837.50	 2850.00
4	926	3925000	 1839.90	 2847.75
4	931	3930000	 1842.29	 2845.47
4	936	3935000	 1844.64	 2843.14
4	941	3940000	 1846.97	 2840.77
4	946	3945000	 1849.32	 2838.44
4	951	3950000	 1851.62	 2836.02
4	956	3955000	 1853.96	 2833.68
4	961	3960000	 1856.32	 2831.35
4	966	3965000	 1858.64	 2828.98
4	971	3970000	 1860.98	 2826.63
4	976	3975000	 1863.30	 2824.25
4	981	3980000	 1865.70	 2822.00
4	986	3985000	 1868.10	 2819.72
4	991	3990000	 1870.41	 2817.33
4	996	3995000	 1872.78	 2815.04
5	1	4000000	 1875.12	 2812.68
5	6	4005000	 1877.46	 2810.33
5	11	4010000	 1879.79	 2807.97
5	16	4015000	 1882.11	 2805.59
5	21	4020000	 1884.44	 2803.23
5	26	4025000	 1886.77	 2800.86
5	31	4030000	 1889.05	 2798.42
5	36	4035000	 1891.39	 2796.07
5	41	4040000	 1893.70	 2793.68
5	46	4045000	 1896.01	 2791.29
5	51	4050000	 1898.34	 2788.92
5	56	4055000	 1900.68	 2786.57
5	61	4060000	 1903.00	 2784.19
5	66	4065000	 1905.32	 2781.81
5	71	4070000	 1907.67	 2779.48
5	76	4075000	 1910.01	 2777.14
5	81	4080000	 1912.39	 2774.84
5	86	4085000	 1914.73	 2772.49
5	91	4090000	 1917.04	 2770.10
5	96	4095000	 1919.40	 2767.78
5	101	4100000	 1921.77	 2765.47
5	106	4105000	 1924.11	 2763.12
5	111	4110000	 1926.47	 2760.80
5	116	4115000	 1928.84	 2758.49
5	121	4120000	 1931.19	 2756.17
5	126	4125000	 1933.51	 2753.79
5	131	4130000	 1935.84	 2751.42
5	136	4135000	 1938.16	 2749.04
5	141	4140000	 1940.44	 2746.62
5	146	4145000	 1942.80	 2744.29
5	151	4150000	 1945.12	 2741.91
5	156	4155000	 1947.48	 2739.59
5	161	4160000	 1949.83	 2737.26
5	166	4165000	 1952.17	 2734.92
5	171	4170000	 1954.47	 2732.50
5	176	4175000	 1956.82	 2730.18
5	181	4180000	 1959.19	 2727.87
5	186	4185000	 1961.51	 2725.50
5	191	4190000	 1963.84	 2723.12
5	196	4195000	 1966.19	 2720.79
5	201	4200000	 1968.54	 2718.46
5	206	4205000	 1970.87	 2716.10
5	211	4210000	 1973.24	 2713.79
5	216	4215000	 1975.55	 2711.40
5	221	4220000	 1977.89	 2709.06
5	226	4225000	 1980.21	 2706.68
5	231	4230000	 1982.55	 2704.33
5	236	4235000	 1984.91	 2702.01
5	241	4240000	 1987.24	 2699.64
5	246	4245000	 1989.58	 2697.29
5	251	4250000	 1991.91	 2694.94
5	256	4255000	 1994.27	 2692.61
5	261	4260000	 1996.61	 2690.27
5	266	4265000	 1999.00	 2687.99
5	271	4270000	 2001.40	 2685.71
5	276	4275000	 2003.73	 2683.36
5	281	4280000	 2006.07	 2681.01
5	286	4285000	 2008.37	 2678.61
5	291	4290000	 2010.72	 2676.28
5	296	4295000	 2013.10	 2673.98
5	301	4300000	 2015.51	 2671.72
5	306	4305000	 2017.91	 2669.45
5	311	4310000	 2020.30	 2667.17
5	316	4315000	 2022.66	 2664.85
5	321	4320000	 2025.00	 2662.50
5	326	4325000	 2027.33	 2660.14
5	331	4330000	 2029.67	 2657.79
5	336	4335000	 2032.01	 2655.44
5	341	4340000	 2034.35	 2653.09
5	346	4345000	 2036.70	 2650.75
5	351	4350000	 2039.04	 2648.40
5	356	4355000	 2041.42	 2646.11
5	361	4360000	 2043.75	 2643.74
5	366	4365000	 2046.09	 2641.40
5	371	4370000	 2048.41	 2639.03
5	376	4375000	 2050.79	 2636.73
5	381	4380000	 2053.13	 2634.39
5	386	4385000	 2055.48	 2632.05
5	391	4390000	 2057.82	 2629.70
5	396	4395000	 2060.14	 2627.32
5	401	4400000	 2062.46	 2624.95
5	406	4405000	 2064.76	 2622.55
5	411	4410000	 2067.13	 2620.25
5	416	4415000	 2069.49	 2617.92
5	421	4420000	 2071.82	 2615.55
5	426	4425000	 2074.16	 2613.20
5	431	4430000	 2076.52	 2610.88
5	436	4435000	 2078.86	 2608.54
5	441	4440000	 2081.18	 2606.17
5	446	4445000	 2083.51	 2603.80
5	451	4450000	 2085.82	 2601.42
5	456	4455000	 2088.18	 2599.09
5	461	4460000	 2090.46	 2596.67
5	466	4465000	 2092.77	 2594.28
5	471	4470000	 2095.08	 2591.90
5	476	4475000	 2097.38	 2589.50
5	481	4480000	 2099.68	 2587.10
5	486	4485000	 2101.98	 2584.71
5	491	4490000	 2104.36	 2582.41
5	496	4495000	 2106.74	 2580.12
5	501	4500000	 2109.09	 2577.77
5	506	4505000	 2111.44	 2575.44
5	511	4510000	 2113.75	 2573.06
5	516	4515000	 2116.12	 2570.75
5	521	4520000	 2118.45	 2568.39
5	526	4525000	 2120.77	 2566.01
5	531	4530000	 2123.05	 2563.60
5	536	4535000	 2125.38	 2561.24
5	541	4540000	 2127.77	 2558.95
5	546	4545000	 2130.10	 2556.58
5	551	4550000	 2132.46	 2554.26
5	556	4555000	 2134.78	 2551.89
5	561	4560000	 2137.09	 2549.51
5	566	4565000	 2139.43	 2547.17
5	571	4570000	 2141.74	 2544.78
5	576	4575000	 2144.03	 2542.38
5	581	4580000	 2146.38	 2540.04
5	586	4585000	 2148.69	 2537.65
5	591	4590000	 2151.03	 2535.31
5	596	4595000	 2153.37	 2532.96
5	601	4600000	 2155.72	 2530.62
5	606	4605000	 2158.04	 2528.25
5	611	4610000	 2160.39	 2525.92
5	616	4615000	 2162.71	 2523.55
5	621	4620000	 2165.07	 2521.23
5	626	4625000	 2167.47	 2518.96
5	631	4630000	 2169.88	 2516.68
5	636	4635000	 2172.27	 2514.40
5	641	4640000	 2174.62	 2512.07
5	646	4645000	 2176.94	 2509.69
5	651	4650000	 2179.30	 2507.37
5	656	4655000	 2181.64	 2505.01
5	661	4660000	 2183.94	 2502.62
5	666	4665000	 2186.28	 2500.27
5	671	4670000	 2188.65	 2497.96
5	676	4675000	 2190.97	 2495.60
5	681	4680000	 2193.31	 2493.25
5	686	4685000	 2195.61	 2490.86
5	691	4690000	 2197.97	 2488.53
5	696	4695000	 2200.24	 2486.11
5	701	4700000	 2202.58	 2483.76
5	706	4705000	 2204.91	 2481.40
5	711	4710000	 2207.21	 2479.01
5	716	4715000	 2209.52	 2476.63
5	721	4720000	 2211.85	 2474.27
5	726	4725000	 2214.14	 2471.87
5	731	4730000	 2216.51	 2469.56
5	736	4735000	 2218.86	 2467.22
5	741	4740000	 2221.24	 2464.92
5	746	4745000	 2223.64	 2462.64
5	751	4750000	 2226.04	 2460.37
5	756	4755000	 2228.37	 2458.00
5	761	4760000	 2230.75	 2455.70
5	766	4765000	 2233.05	 2453.31
5	771	4770000	 2235.46	 2451.04
5	776	4775000	 2237.82	 2448.72
5	781	4780000	 2240.23	 2446.44
5	786	4785000	 2242.58	 2444.11
5	791	4790000	 2244.91	 2441.75
5	796	4795000	 2247.26	 2439.42
5	801	4800000	 2249.54	 2437.00
5	806	4805000	 2251.89	 2434.66
5	811	4810000	 2254.18	 2432.27
5	816	4815000	 2256.49	 2429.89
5	821	4820000	 2258.89	 2427.61
5	826	4825000	 2261.28	 2425.32
5	831	4830000	 2263.69	 2423.04
5	836	4835000	 2266.10	 2420.77
5	841	4840000	 2268.49	 2418.48
5	846	4845000	 2270.82	 2416.12
5	851	4850000	 2273.13	 2413.74
5	856	4855000	 2275.48	 2411.40
5	861	4860000	 2277.84	 2409.07
5	866	4865000	 2280.16	 2406.70
5	871	4870000	 2282.51	 2404.37
5	876	4875000	 2284.91	 2402.08
5	881	4880000	 2287.29	 2399.78
5	886	4885000	 2289.64	 2397.44
5	891	4890000	 2292.00	 2395.12
5	896	4895000	 2294.33	 2392.76
5	901	4900000	 2296.63	 2390.37
5	906	4905000	 2298.92	 2387.97
5	911	4910000	 2301.22	 2385.58
5	916	4915000	 2303.58	 2383.26
5	921	4920000	 2305.96	 2380.95
5	926	4925000	 2308.30	 2378.61
5	931	4930000	 2310.61	 2376.22
5	936	4935000	 2312.97	 2373.90
5	941	4940000	 2315.31	 2371.55
5	946	4945000	 2317.73	 2369.28
5	951	4950000	 2320.04	 2366.91
5	956	4955000	 2322.37	 2364.55
5	961	4960000	 2324.70	 2362.20
5	966	4965000	 2327.09	 2359.89
5	971	4970000	 2329.46	 2357.59
5	976	4975000	 2331.80	 2355.23
5	981	4980000	 2334.14	 2352.89
5	986	4985000	 2336.47	 2350.53
5	991	4990000	 2338.83	 2348.21
5	996	4995000	 2341.19	 2345.88
6	1	5000000	 2343.50	 2343.50
6	6	5005000	 2345.82	 2341.13
6	11	5010000	 2348.14	 2338.76
6	16	5015000	 2350.42	 2336.36
6	21	5020000	 2352.71	 2333.97
6	26	5025000	 2355.03	 2331.60
6	31	5030000	 2357.32	 2329.20
6	36	5035000	 2359.65	 2326.84
6	41	5040000	 2361.97	 2324.48
6	46	5045000	 2364.34	 2322.16
6	51	5050000	 2366.69	 2319.82
6	56	5055000	 2369.05	 2317.50
6	61	5060000	 2371.39	 2315.15
6	66	5065000	 2373.77	 2312.84
6	71	5070000	 2376.08	 2310.47
6	76	5075000	 2378.40	 2308.10
6	81	5080000	 2380.75	 2305.76
6	86	5085000	 2383.10	 2303.43
6	91	5090000	 2385.45	 2301.09
6	96	5095000	 2387.79	 2298.75
6	101	5100000	 2390.10	 2296.37
6	106	5105000	 2392.42	 2294.01
6	111	5110000	 2394.81	 2291.71
6	116	5115000	 2397.12	 2289.33
6	121	5120000	 2399.46	 2286.99
6	126	5125000	 2401.81	 2284.65
6	131	5130000	 2404.13	 2282.28
6	136	5135000	 2406.53	 2279.99
6	141	5140000	 2408.85	 2277.63
6	146	5145000	 2411.19	 2275.28
6	151	5150000	 2413.51	 2272.92
6	156	5155000	 2415.81	 2270.54
6	161	5160000	 2418.15	 2268.19
6	166	5165000	 2420.43	 2265.78
6	171	5170000	 2422.74	 2263.41
6	176	5175000	 2425.07	 2261.06
6	181	5180000	 2427.44	 2258.73
6	186	5185000	 2429.76	 2256.37
6	191	5190000	 2432.15	 2254.08
6	196	5195000	 2434.51	 2251.75
6	201	5200000	 2436.84	 2249.39
6	206	5205000	 2439.21	 2247.08
6	211	5210000	 2441.54	 2244.71
6	216	5215000	 2443.77	 2242.27
6	221	5220000	 2446.07	 2239.89
6	226	5225000	 2448.39	 2237.52
6	231	5230000	 2450.74	 2235.18
6	236	5235000	 2453.06	 2232.82
6	241	5240000	 2455.41	 2230.49
6	246	5245000	 2457.77	 2228.16
6	251	5250000	 2460.08	 2225.79
6	256	5255000	 2462.44	 2223.46
6	261	5260000	 2464.87	 2221.19
6	266	5265000	 2467.29	 2218.92
6	271	5270000	 2469.66	 2216.60
6	276	5275000	 2472.08	 2214.33
6	281	5280000	 2474.40	 2211.96
6	286	5285000	 2476.74	 2209.61
6	291	5290000	 2479.13	 2207.32
6	296	5295000	 2481.46	 2204.96
6	301	5300000	 2483.81	 2202.62
6	306	5305000	 2486.13	 2200.26
6	311	5310000	 2488.44	 2197.89
6	316	5315000	 2490.73	 2195.50
6	321	5320000	 2493.05	 2193.14
6	326	5325000	 2495.34	 2190.75
6	331	5330000	 2497.67	 2188.39
6	336	5335000	 2499.99	 2186.02
6	341	5340000	 2502.31	 2183.67
6	346	5345000	 2504.69	 2181.36
6	351	5350000	 2507.06	 2179.03
6	356	5355000	 2509.38	 2176.67
6	361	5360000	 2511.70	 2174.30
6	366	5365000	 2514.01	 2171.94
6	371	5370000	 2516.33	 2169.57
6	376	5375000	 2518.68	 2167.24
6	381	5380000	 2520.99	 2164.86
6	386	5385000	 2523.34	 2162.53
6	391	5390000	 2525.65	 2160.16
6	396	5395000	 2528.00	 2157.82
6	401	5400000	 2530.34	 2155.48
6	406	5405000	 2532.66	 2153.12
6	411	5410000	 2534.96	 2150.74
6	416	5415000	 2537.34	 2148.42
6	421	5420000	 2539.69	 2146.08
6	426	5425000	 2542.04	 2143.74
6	431	5430000	 2544.37	 2141.39
6	436	5435000	 2546.71	 2139.05
6	441	5440000	 2549.05	 2136.71
6	446	5445000	 2551.48	 2134.43
6	451	5450000	 2553.85	 2132.12
6	456	5455000	 2556.21	 2129.79
6	461	5460000	 2558.59	 2127.47
6	466	5465000	 2561.01	 2125.19
6	471	5470000	 2563.37	 2122.87
6	476	5475000	 2565.76	 2120.56
6	481	5480000	 2568.17	 2118.27
6	486	5485000	 2570.46	 2115.89
6	491	5490000	 2572.81	 2113.55
6	496	5495000	 2575.16	 2111.21
6	501	5500000	 2577.50	 2108.87
6	506	5505000	 2579.88	 2106.55
6	511	5510000	 2582.21	 2104.19
6	516	5515000	 2584.54	 2101.84
6	521	5520000	 2586.79	 2099.42
6	526	5525000	 2589.12	 2097.07
6	531	5530000	 2591.47	 2094.73
6	536	5535000	 2593.79	 2092.37
6	541	5540000	 2596.06	 2089.97
6	546	5545000	 2598.36	 2087.59
6	551	5550000	 2600.64	 2085.20
6	556	5555000	 2602.96	 2082.84
6	561	5560000	 2605.31	 2080.50
6	566	5565000	 2607.69	 2078.19
6	571	5570000	 2610.00	 2075.82
6	576	5575000	 2612.40	 2073.52
6	581	5580000	 2614.77	 2071.20
6	586	5585000	 2617.10	 2068.85
6	591	5590000	 2619.46	 2066.51
6	596	5595000	 2621.80	 2064.17
6	601	5600000	 2624.14	 2061.82
6	606	5605000	 2626.47	 2059.47
6	611	5610000	 2628.77	 2057.09
6	616	5615000	 2631.08	 2054.73
6	621	5620000	 2633.41	 2052.38
6	626	5625000	 2635.77	 2050.05
6	631	5630000	 2638.11	 2047.70
6	636	5635000	 2640.46	 2045.36
6	641	5640000	 2642.82	 2043.03
6	646	5645000	 2645.16	 2040.69
6	651	5650000	 2647.55	 2038.38
6	656	5655000	 2649.89	 2036.03
6	661	5660000	 2652.28	 2033.73
6	666	5665000	 2654.69	 2031.44
6	671	5670000	 2657.03	 2029.09
6	676	5675000	 2659.39	 2026.76
6	681	5680000	 2661.73	 2024.41
6	686	5685000	 2664.07	 2022.07
6	691	5690000	 2666.43	 2019.74
6	696	5695000	 2668.82	 2017.43
6	701	5700000	 2671.16	 2015.09
6	706	5705000	 2673.47	 2012.72
6	711	5710000	 2675.79	 2010.36
6	716	5715000	 2678.13	 2008.02
6	721	5720000	 2680.49	 2005.68
6	726	5725000	 2682.80	 2003.31
6	731	5730000	 2685.05	 2000.90
6	736	5735000	 2687.38	 1998.55
6	741	5740000	 2689.74	 1996.21
6	746	5745000	 2692.05	 1993.85
6	751	5750000	 2694.40	 1991.52
6	756	5755000	 2696.71	 1989.15
6	761	5760000	 2699.00	 1986.76
6	766	5765000	 2701.33	 1984.41
6	771	5770000	 2703.66	 1982.06
6	776	5775000	 2706.00	 1979.72
6	781	5780000	 2708.30	 1977.34
6	786	5785000	 2710.62	 1974.98
6	791	5790000	 2712.94	 1972.62
6	796	5795000	 2715.24	 1970.25
6	801	5800000	 2717.61	 1967.92
6	806	5805000	 2719.92	 1965.56
6	811	5810000	 2722.25	 1963.21
6	816	5815000	 2724.55	 1960.83
6	821	5820000	 2726.88	 1958.48
6	826	5825000	 2729.23	 1956.14
6	831	5830000	 2731.55	 1953.78
6	836	5835000	 2733.92	 1951.46
6	841	5840000	 2736.28	 1949.13
6	846	5845000	 2738.65	 1946.81
6	851	5850000	 2740.97	 1944.45
6	856	5855000	 2743.38	 1942.16
6	861	5860000	 2745.78	 1939.85
6	866	5865000	 2748.20	 1937.56
6	871	5870000	 2750.60	 1935.26
6	876	5875000	 2752.90	 1932.89
6	881	5880000	 2755.21	 1930.52
6	886	5885000	 2757.57	 1928.19
6	891	5890000	 2759.92	 1925.85
6	896	5895000	 2762.22	 1923.48
6	901	5900000	 2764.54	 1921.12
6	906	5905000	 2766.87	 1918.77
6	911	5910000	 2769.26	 1916.46
6	916	5915000	 2771.58	 1914.10
6	921	5920000	 2773.95	 1911.78
6	926	5925000	 2776.32	 1909.45
6	931	5930000	 2778.73	 1907.16
6	936	5935000	 2781.11	 1904.84
6	941	5940000	 2783.44	 1902.48
6	946	5945000	 2785.76	 1900.13
6	951	5950000	 2788.12	 1897.79
6	956	5955000	 2790.49	 1895.47
6	961	5960000	 2792.85	 1893.14
6	966	5965000	 2795.17	 1890.78
6	971	5970000	 2797.54	 1888.45
6	976	5975000	 2799.87	 1886.10
6	981	5980000	 2802.22	 1883.76
6	986	5985000	 2804.55	 1881.42
6	991	5990000	 2806.91	 1879.08
6	996	5995000	 2809.25	 1876.74
7	1	6000000	 2811.60	 1874.40
7	6	6005000	 2813.94	 1872.05
7	11	6010000	 2816.33	 1869.74
7	16	6015000	 2818.73	 1867.44
7	21	6020000	 2821.12	 1865.13
7	26	6025000	 2823.56	 1862.84
7	31	6030000	 2825.97	 1860.54
7	36	6035000	 2828.31	 1858.20
7	41	6040000	 2830.66	 1855.86
7	46	6045000	 2833.03	 1853.54
7	51	6050000	 2835.39	 1851.20
7	56	6055000	 2837.76	 1848.88
7	61	6060000	 2840.09	 1846.53
7	66	6065000	 2842.50	 1844.23
7	71	6070000	 2844.84	 1841.88
7	76	6075000	 2847.18	 1839.53
7	81	6080000	 2849.51	 1837.19
7	86	6085000	 2851.84	 1834.83
7	91	6090000	 2854.17	 1832.48
7	96	6095000	 2856.55	 1830.16
7	101	6100000	 2858.87	 1827.80
7	106	6105000	 2861.20	 1825.45
7	111	6110000	 2863.55	 1823.11
7	116	6115000	 2865.96	 1820.81
7	121	6120000	 2868.32	 1818.48
7	126	6125000	 2870.66	 1816.13
7	131	6130000	 2873.01	 1813.79
7	136	6135000	 2875.36	 1811.46
7	141	6140000	 2877.72	 1809.12
7	146	6145000	 2880.04	 1806.76
7	151	6150000	 2882.42	 1804.44
7	156	6155000	 2884.82	 1802.13
7	161	6160000	 2887.10	 1799.75
7	166	6165000	 2889.46	 1797.41
7	171	6170000	 2891.78	 1795.06
7	176	6175000	 2894.11	 1792.71
7	181	6180000	 2896.43	 1790.35
7	186	6185000	 2898.73	 1787.98
7	191	6190000	 2901.11	 1785.66
7	196	6195000	 2903.45	 1783.31
7	201	6200000	 2905.78	 1780.96
7	206	6205000	 2908.12	 1778.62
7	211	6210000	 2910.43	 1776.25
7	216	6215000	 2912.76	 1773.90
7	221	6220000	 2915.13	 1771.57
7	226	6225000	 2917.52	 1769.26
7	231	6230000	 2919.84	 1766.90
7	236	6235000	 2922.16	 1764.54
7	241	6240000	 2924.49	 1762.19
7	246	6245000	 2926.78	 1759.82
7	251	6250000	 2929.09	 1757.46
7	256	6255000	 2931.41	 1755.10
7	261	6260000	 2933.73	 1752.74
7	266	6265000	 2936.06	 1750.39
7	271	6270000	 2938.38	 1748.03
7	276	6275000	 2940.70	 1745.68
7	281	6280000	 2943.04	 1743.33
7	286	6285000	 2945.40	 1741.00
7	291	6290000	 2947.74	 1738.65
7	296	6295000	 2950.07	 1736.30
7	301	6300000	 2952.43	 1733.97
7	306	6305000	 2954.80	 1731.64
7	311	6310000	 2957.13	 1729.29
7	316	6315000	 2959.55	 1726.99
7	321	6320000	 2961.96	 1724.69
7	326	6325000	 2964.29	 1722.33
7	331	6330000	 2966.62	 1719.98
7	336	6335000	 2969.00	 1717.66
7	341	6340000	 2971.31	 1715.30
7	346	6345000	 2973.66	 1712.96
7	351	6350000	 2976.01	 1710.62
7	356	6355000	 2978.33	 1708.27
7	361	6360000	 2980.62	 1705.89
7	366	6365000	 2982.96	 1703.54
7	371	6370000	 2985.32	 1701.21
7	376	6375000	 2987.67	 1698.87
7	381	6380000	 2990.03	 1696.54
7	386	6385000	 2992.32	 1694.16
7	391	6390000	 2994.59	 1691.78
7	396	6395000	 2996.99	 1689.47
7	401	6400000	 2999.34	 1687.13
7	406	6405000	 3001.68	 1684.78
7	411	6410000	 3004.03	 1682.44
7	416	6415000	 3006.32	 1680.07
7	421	6420000	 3008.66	 1677.73
7	426	6425000	 3011.00	 1675.38
7	431	6430000	 3013.35	 1673.04
7	436	6435000	 3015.70	 1670.70
7	441	6440000	 3018.07	 1668.37
7	446	6445000	 3020.37	 1666.00
7	451	6450000	 3022.73	 1663.68
7	456	6455000	 3025.16	 1661.38
7	461	6460000	 3027.53	 1659.05
7	466	6465000	 3029.86	 1656.70
7	471	6470000	 3032.16	 1654.33
7	476	6475000	 3034.47	 1651.97
7	481	6480000	 3036.82	 1649.63
7	486	6485000	 3039.17	 1647.29
7	491	6490000	 3041.53	 1644.96
7	496	6495000	 3043.87	 1642.61
7	501	6500000	 3046.21	 1640.27
7	506	6505000	 3048.60	 1637.95
7	511	6510000	 3050.92	 1635.59
7	516	6515000	 3053.24	 1633.24
7	521	6520000	 3055.61	 1630.91
7	526	6525000	 3057.97	 1628.57
7	531	6530000	 3060.33	 1626.24
7	536	6535000	 3062.64	 1623.88
7	541	6540000	 3064.95	 1621.52
7	546	6545000	 3067.29	 1619.17
7	551	6550000	 3069.64	 1616.83
7	556	6555000	 3071.97	 1614.48
7	561	6560000	 3074.33	 1612.15
7	566	6565000	 3076.69	 1609.82
7	571	6570000	 3079.02	 1607.47
7	576	6575000	 3081.43	 1605.15
7	581	6580000	 3083.80	 1602.82
7	586	6585000	 3086.13	 1600.48
7	591	6590000	 3088.45	 1598.12
7	596	6595000	 3090.78	 1595.77
7	601	6600000	 3093.12	 1593.43
7	606	6605000	 3095.47	 1591.09
7	611	6610000	 3097.86	 1588.77
7	616	6615000	 3100.13	 1586.39
7	621	6620000	 3102.43	 1584.02
7	626	6625000	 3104.78	 1581.68
7	631	6630000	 3107.11	 1579.33
7	636	6635000	 3109.46	 1576.99
7	641	6640000	 3111.82	 1574.65
7	646	6645000	 3114.18	 1572.32
7	651	6650000	 3116.54	 1569.98
7	656	6655000	 3118.87	 1567.64
7	661	6660000	 3121.24	 1565.31
7	666	6665000	 3123.55	 1562.95
7	671	6670000	 3125.85	 1560.58
7	676	6675000	 3128.18	 1558.23
7	681	6680000	 3130.50	 1555.88
7	686	6685000	 3132.78	 1553.50
7	691	6690000	 3135.10	 1551.15
7	696	6695000	 3137.45	 1548.81
7	701	6700000	 3139.82	 1546.48
7	706	6705000	 3142.12	 1544.11
7	711	6710000	 3144.45	 1541.77
7	716	6715000	 3146.80	 1539.43
7	721	6720000	 3149.14	 1537.08
7	726	6725000	 3151.46	 1534.72
7	731	6730000	 3153.81	 1532.39
7	736	6735000	 3156.15	 1530.04
7	741	6740000	 3158.51	 1527.71
7	746	6745000	 3160.84	 1525.36
7	751	6750000	 3163.18	 1523.01
7	756	6755000	 3165.54	 1520.68
7	761	6760000	 3167.83	 1518.31
7	766	6765000	 3170.26	 1516.01
7	771	6770000	 3172.67	 1513.70
7	776	6775000	 3174.97	 1511.33
7	781	6780000	 3177.29	 1508.98
7	786	6785000	 3179.63	 1506.63
7	791	6790000	 3182.00	 1504.30
7	796	6795000	 3184.38	 1501.98
7	801	6800000	 3186.65	 1499.60
7	806	6805000	 3189.04	 1497.28
7	811	6810000	 3191.39	 1494.94
7	816	6815000	 3193.81	 1492.63
7	821	6820000	 3196.23	 1490.32
7	826	6825000	 3198.65	 1488.02
7	831	6830000	 3201.07	 1485.71
7	836	6835000	 3203.45	 1483.38
7	841	6840000	 3205.83	 1481.06
7	846	6845000	 3208.21	 1478.73
7	851	6850000	 3210.60	 1476.41
7	856	6855000	 3212.97	 1474.07
7	861	6860000	 3215.36	 1471.75
7	866	6865000	 3217.78	 1469.45
7	871	6870000	 3220.15	 1467.12
7	876	6875000	 3222.51	 1464.78
7	881	6880000	 3224.85	 1462.43
7	886	6885000	 3227.24	 1460.11
7	891	6890000	 3229.61	 1457.78
7	896	6895000	 3231.97	 1455.44
7	901	6900000	 3234.32	 1453.10
7	906	6905000	 3236.67	 1450.76
7	911	6910000	 3239.02	 1448.42
7	916	6915000	 3241.40	 1446.09
7	921	6920000	 3243.78	 1443.76
7	926	6925000	 3246.15	 1441.43
7	931	6930000	 3248.52	 1439.10
7	936	6935000	 3250.89	 1436.77
7	941	6940000	 3253.25	 1434.43
7	946	6945000	 3255.58	 1432.08
7	951	6950000	 3257.94	 1429.74
7	956	6955000	 3260.26	 1427.39
7	961	6960000	 3262.61	 1425.05
7	966	6965000	 3265.00	 1422.73
7	971	6970000	 3267.33	 1420.37
7	976	6975000	 3269.71	 1418.05
7	981	6980000	 3272.03	 1415.69
7	986	6985000	 3274.39	 1413.36
7	991	6990000	 3276.72	 1411.00
7	996	6995000	 3279.04	 1408.65
8	1	7000000	 3281.41	 1406.32
8	6	7005000	 3283.72	 1403.96
8	11	7010000	 3286.02	 1401.60
8	16	7015000	 3288.36	 1399.25
8	21	7020000	 3290.73	 1396.92
8	26	7025000	 3293.03	 1394.56
8	31	7030000	 3295.32	 1392.19
8	36	7035000	 3297.66	 1389.84
8	41	7040000	 3299.96	 1387.49
8	46	7045000	 3302.24	 1385.11
8	51	7050000	 3304.59	 1382.77
8	56	7055000	 3306.94	 1380.43
8	61	7060000	 3309.25	 1378.07
8	66	7065000	 3311.63	 1375.74
8	71	7070000	 3313.94	 1373.39
8	76	7075000	 3316.28	 1371.04
8	81	7080000	 3318.62	 1368.69
8	86	7085000	 3320.91	 1366.33
8	91	7090000	 3323.25	 1363.99
8	96	7095000	 3325.67	 1361.67
8	101	7100000	 3328.02	 1359.33
8	106	7105000	 3330.35	 1356.98
8	111	7110000	 3332.70	 1354.64
8	116	7115000	 3335.05	 1352.30
8	121	7120000	 3337.41	 1349.96
8	126	7125000	 3339.75	 1347.62
8	131	7130000	 3342.11	 1345.28
8	136	7135000	 3344.49	 1342.95
8	141	7140000	 3346.83	 1340.61
8	146	7145000	 3349.18	 1338.26
8	151	7150000	 3351.54	 1335.93
8	156	7155000	 3353.87	 1333.58
8	161	7160000	 3356.22	 1331.24
8	166	7165000	 3358.55	 1328.89
8	171	7170000	 3360.89	 1326.54
8	176	7175000	 3363.21	 1324.19
8	181	7180000	 3365.53	 1321.84
8	186	7185000	 3367.86	 1319.49
8	191	7190000	 3370.19	 1317.14
8	196	7195000	 3372.53	 1314.79
8	201	7200000	 3374.89	 1312.46
8	206	7205000	 3377.20	 1310.10
8	211	7210000	 3379.56	 1307.76
8	216	7215000	 3381.90	 1305.42
8	221	7220000	 3384.26	 1303.08
8	226	7225000	 3386.65	 1300.76
8	231	7230000	 3389.03	 1298.43
8	236	7235000	 3391.40	 1296.09
8	241	7240000	 3393.72	 1293.74
8	246	7245000	 3396.08	 1291.40
8	251	7250000	 3398.37	 1289.04
8	256	7255000	 3400.72	 1286.70
8	261	7260000	 3403.03	 1284.34
8	266	7265000	 3405.35	 1281.99
8	271	7270000	 3407.70	 1279.65
8	276	7275000	 3410.10	 1277.32
8	281	7280000	 3412.51	 1275.00
8	286	7285000	 3414.91	 1272.68
8	291	7290000	 3417.33	 1270.36
8	296	7295000	 3419.72	 1268.04
8	301	7300000	 3422.07	 1265.70
8	306	7305000	 3424.49	 1263.38
8	311	7310000	 3426.79	 1261.02
8	316	7315000	 3429.07	 1258.66
8	321	7320000	 3431.40	 1256.30
8	326	7325000	 3433.72	 1253.95
8	331	7330000	 3436.06	 1251.61
8	336	7335000	 3438.41	 1249.26
8	341	7340000	 3440.73	 1246.91
8	346	7345000	 3443.01	 1244.55
8	351	7350000	 3445.28	 1242.18
8	356	7355000	 3447.61	 1239.83
8	361	7360000	 3449.94	 1237.48
8	366	7365000	 3452.31	 1235.14
8	371	7370000	 3454.63	 1232.79
8	376	7375000	 3456.96	 1230.44
8	381	7380000	 3459.33	 1228.11
8	386	7385000	 3461.65	 1225.76
8	391	7390000	 3464.06	 1223.44
8	396	7395000	 3466.38	 1221.09
8	401	7400000	 3468.74	 1218.75
8	406	7405000	 3471.09	 1216.40
8	411	7410000	 3473.46	 1214.07
8	416	7415000	 3475.79	 1211.72
8	421	7420000	 3478.14	 1209.38
8	426	7425000	 3480.47	 1207.03
8	431	7430000	 3482.83	 1204.69
8	436	7435000	 3485.16	 1202.34
8	441	7440000	 3487.51	 1200.00
8	446	7445000	 3489.81	 1197.65
8	451	7450000	 3492.15	 1195.30
8	456	7455000	 3494.52	 1192.97
8	461	7460000	 3496.87	 1190.62
8	466	7465000	 3499.21	 1188.28
8	471	7470000	 3501.53	 1185.93
8	476	7475000	 3503.86	 1183.58
8	481	7480000	 3506.17	 1181.22
8	486	7485000	 3508.48	 1178.87
8	491	7490000	 3510.86	 1176.54
8	496	7495000	 3513.25	 1174.21
8	501	7500000	 3515.55	 1171.85
8	506	7505000	 3517.87	 1169.50
8	511	7510000	 3520.19	 1167.15
8	516	7515000	 3522.51	 1164.80
8	521	7520000	 3524.78	 1162.43
8	526	7525000	 3527.07	 1160.07
8	531	7530000	 3529.39	 1157.71
8	536	7535000	 3531.73	 1155.37
8	541	7540000	 3534.06	 1153.02
8	546	7545000	 3536.40	 1150.68
8	551	7550000	 3538.79	 1148.35
8	556	7555000	 3541.13	 1146.00
8	561	7560000	 3543.41	 1143.64
8	566	7565000	 3545.75	 1141.29
8	571	7570000	 3548.14	 1138.97
8	576	7575000	 3550.45	 1136.61
8	581	7580000	 3552.84	 1134.28
8	586	7585000	 3555.15	 1131.93
8	591	7590000	 3557.55	 1129.60
8	596	7595000	 3559.90	 1127.26
8	601	7600000	 3562.29	 1124.93
8	606	7605000	 3564.69	 1122.61
8	611	7610000	 3566.98	 1120.25
8	616	7615000	 3569.30	 1117.90
8	621	7620000	 3571.63	 1115.55
8	626	7625000	 3573.96	 1113.20
8	631	7630000	 3576.33	 1110.87
8	636	7635000	 3578.67	 1108.52
8	641	7640000	 3581.03	 1106.18
8	646	7645000	 3583.32	 1103.82
8	651	7650000	 3585.65	 1101.47
8	656	7655000	 3587.95	 1099.12
8	661	7660000	 3590.29	 1096.77
8	666	7665000	 3592.67	 1094.44
8	671	7670000	 3594.99	 1092.09
8	676	7675000	 3597.32	 1089.74
8	681	7680000	 3599.66	 1087.40
8	686	7685000	 3602.04	 1085.07
8	691	7690000	 3604.41	 1082.73
8	696	7695000	 3606.76	 1080.39
8	701	7700000	 3609.09	 1078.04
8	706	7705000	 3611.44	 1075.70
8	711	7710000	 3613.75	 1073.34
8	716	7715000	 3616.13	 1071.01
8	721	7720000	 3618.46	 1068.66
8	726	7725000	 3620.74	 1066.30
8	731	7730000	 3623.07	 1063.96
8	736	7735000	 3625.45	 1061.62
8	741	7740000	 3627.79	 1059.28
8	746	7745000	 3630.13	 1056.93
8	751	7750000	 3632.48	 1054.59
8	756	7755000	 3634.81	 1052.24
8	761	7760000	 3637.18	 1049.91
8	766	7765000	 3639.51	 1047.56
8	771	7770000	 3641.83	 1045.21
8	776	7775000	 3644.21	 1042.88
8	781	7780000	 3646.58	 1040.54
8	786	7785000	 3648.95	 1038.20
8	791	7790000	 3651.30	 1035.86
8	796	7795000	 3653.65	 1033.52
8	801	7800000	 3656.04	 1031.19
8	806	7805000	 3658.36	 1028.84
8	811	7810000	 3660.68	 1026.49
8	816	7815000	 3663.03	 1024.15
8	821	7820000	 3665.35	 1021.80
8	826	7825000	 3667.68	 1019.45
8	831	7830000	 3670.00	 1017.10
8	836	7835000	 3672.35	 1014.76
8	841	7840000	 3674.78	 1012.44
8	846	7845000	 3677.20	 1010.12
8	851	7850000	 3679.55	 1007.77
8	856	7855000	 3681.87	 1005.42
8	861	7860000	 3684.19	 1003.07
8	866	7865000	 3686.50	 1000.72
8	871	7870000	 3688.84	  998.38
8	876	7875000	 3691.21	  996.04
8	881	7880000	 3693.50	  993.68
8	886	7885000	 3695.83	  991.34
8	891	7890000	 3698.18	  988.99
8	896	7895000	 3700.51	  986.65
8	901	7900000	 3702.83	  984.30
8	906	7905000	 3705.14	  981.94
8	911	7910000	 3707.47	  979.60
8	916	7915000	 3709.84	  977.26
8	921	7920000	 3712.18	  974.92
8	926	7925000	 3714.58	  972.59
8	931	7930000	 3716.92	  970.24
8	936	7935000	 3719.23	  967.89
8	941	7940000	 3721.57	  965.55
8	946	7945000	 3723.88	  963.19
8	951	7950000	 3726.25	  960.86
8	956	7955000	 3728.60	  958.51
8	961	7960000	 3730.93	  956.17
8	966	7965000	 3733.27	  953.82
8	971	7970000	 3735.57	  951.47
8	976	7975000	 3737.92	  949.13
8	981	7980000	 3740.20	  946.77
8	986	7985000	 3742.52	  944.42
8	991	7990000	 3744.91	  942.09
8	996	7995000	 3747.23	  939.74
9	1	8000000	 3749.53	  937.38
9	6	8005000	 3751.90	  935.05
9	11	8010000	 3754.21	  932.69
9	16	8015000	 3756.55	  930.35
9	21	8020000	 3758.91	  928.01
9	26	8025000	 3761.24	  925.66
9	31	8030000	 3763.58	  923.32
9	36	8035000	 3765.90	  920.97
9	41	8040000	 3768.19	  918.61
9	46	8045000	 3770.51	  916.26
9	51	8050000	 3772.88	  913.93
9	56	8055000	 3775.21	  911.58
9	61	8060000	 3777.51	  909.23
9	66	8065000	 3779.87	  906.89
9	71	8070000	 3782.21	  904.54
9	76	8075000	 3784.48	  902.18
9	81	8080000	 3786.82	  899.84
9	86	8085000	 3789.15	  897.49
9	91	8090000	 3791.55	  895.16
9	96	8095000	 3793.96	  892.84
9	101	8100000	 3796.32	  890.49
9	106	8105000	 3798.72	  888.16
9	111	8110000	 3801.06	  885.82
9	116	8115000	 3803.41	  883.48
9	121	8120000	 3805.80	  881.15
9	126	8125000	 3808.13	  878.80
9	131	8130000	 3810.48	  876.46
9	136	8135000	 3812.82	  874.11
9	141	8140000	 3815.17	  871.77
9	146	8145000	 3817.55	  869.44
9	151	8150000	 3819.86	  867.09
9	156	8155000	 3822.24	  864.75
9	161	8160000	 3824.62	  862.41
9	166	8165000	 3827.04	  860.09
9	171	8170000	 3829.47	  857.76
9	176	8175000	 3831.87	  855.43
9	181	8180000	 3834.23	  853.09
9	186	8185000	 3836.55	  850.74
9	191	8190000	 3838.92	  848.41
9	196	8195000	 3841.29	  846.07
9	201	8200000	 3843.60	  843.72
9	206	8205000	 3845.95	  841.37
9	211	8210000	 3848.31	  839.03
9	216	8215000	 3850.62	  836.68
9	221	8220000	 3853.01	  834.35
9	226	8225000	 3855.35	  832.01
9	231	8230000	 3857.71	  829.67
9	236	8235000	 3860.03	  827.32
9	241	8240000	 3862.39	  824.98
9	246	8245000	 3864.68	  822.62
9	251	8250000	 3867.02	  820.28
9	256	8255000	 3869.37	  817.93
9	261	8260000	 3871.76	  815.60
9	266	8265000	 3874.17	  813.27
9	271	8270000	 3876.50	  810.92
9	276	8275000	 3878.87	  808.59
9	281	8280000	 3881.27	  806.25
9	286	8285000	 3883.69	  803.93
9	291	8290000	 3886.12	  801.60
9	296	8295000	 3888.52	  799.27
9	301	8300000	 3890.93	  796.94
9	306	8305000	 3893.33	  794.60
9	311	8310000	 3895.65	  792.26
9	316	8315000	 3898.03	  789.92
9	321	8320000	 3900.41	  787.58
9	326	8325000	 3902.79	  785.25
9	331	8330000	 3905.12	  782.90
9	336	8335000	 3907.48	  780.56
9	341	8340000	 3909.87	  778.22
9	346	8345000	 3912.24	  775.88
9	351	8350000	 3914.60	  773.54
9	356	8355000	 3916.96	  771.20
9	361	8360000	 3919.27	  768.85
9	366	8365000	 3921.58	  766.50
9	371	8370000	 3923.90	  764.15
9	376	8375000	 3926.21	  761.80
9	381	8380000	 3928.58	  759.46
9	386	8385000	 3930.94	  757.12
9	391	8390000	 3933.24	  754.77
9	396	8395000	 3935.60	  752.43
9	401	8400000	 3937.93	  750.08
9	406	8405000	 3940.26	  747.74
9	411	8410000	 3942.59	  745.39
9	416	8415000	 3944.93	  743.04
9	421	8420000	 3947.28	  740.70
9	426	8425000	 3949.59	  738.35
9	431	8430000	 3951.91	  736.00
9	436	8435000	 3954.25	  733.66
9	441	8440000	 3956.61	  731.32
9	446	8445000	 3958.97	  728.98
9	451	8450000	 3961.27	  726.62
9	456	8455000	 3963.61	  724.28
9	461	8460000	 3965.94	  721.93
9	466	8465000	 3968.26	  719.58
9	471	8470000	 3970.59	  717.24
9	476	8475000	 3973.01	  714.91
9	481	8480000	 3975.39	  712.57
9	486	8485000	 3977.73	  710.22
9	491	8490000	 3980.04	  707.87
9	496	8495000	 3982.38	  705.53
9	501	8500000	 3984.78	  703.20
9	506	8505000	 3987.17	  700.86
9	511	8510000	 3989.54	  698.52
9	516	8515000	 3991.89	  696.18
9	521	8520000	 3994.20	  693.83
9	526	8525000	 3996.59	  691.49
9	531	8530000	 3998.95	  689.15
9	536	8535000	 4001.27	  686.80
9	541	8540000	 4003.65	  684.47
9	546	8545000	 4006.01	  682.12
9	551	8550000	 4008.39	  679.79
9	556	8555000	 4010.73	  677.44
9	561	8560000	 4013.06	  675.09
9	566	8565000	 4015.45	  672.76
9	571	8570000	 4017.84	  670.42
9	576	8575000	 4020.18	  668.08
9	581	8580000	 4022.51	  665.73
9	586	8585000	 4024.83	  663.38
9	591	8590000	 4027.17	  661.04
9	596	8595000	 4029.53	  658.70
9	601	8600000	 4031.87	  656.35
9	606	8605000	 4034.19	  654.00
9	611	8610000	 4036.54	  651.66
9	616	8615000	 4038.89	  649.32
9	621	8620000	 4041.20	  646.97
9	626	8625000	 4043.55	  644.62
9	631	8630000	 4045.91	  642.28
9	636	8635000	 4048.22	  639.93
9	641	8640000	 4050.57	  637.59
9	646	8645000	 4052.95	  635.25
9	651	8650000	 4055.30	  632.91
9	656	8655000	 4057.59	  630.56
9	661	8660000	 4059.91	  628.21
9	666	8665000	 4062.20	  625.86
9	671	8670000	 4064.54	  623.51
9	676	8675000	 4066.86	  621.16
9	681	8680000	 4069.23	  618.82
9	686	8685000	 4071.54	  616.47
9	691	8690000	 4073.82	  614.12
9	696	8695000	 4076.17	  611.78
9	701	8700000	 4078.52	  609.43
9	706	8705000	 4080.85	  607.09
9	711	8710000	 4083.18	  604.74
9	716	8715000	 4085.52	  602.40
9	721	8720000	 4087.87	  600.05
9	726	8725000	 4090.23	  597.71
9	731	8730000	 4092.56	  595.37
9	736	8735000	 4094.89	  593.02
9	741	8740000	 4097.31	  590.69
9	746	8745000	 4099.61	  588.34
9	751	8750000	 4101.91	  585.99
9	756	8755000	 4104.26	  583.64
9	761	8760000	 4106.60	  581.30
9	766	8765000	 4108.91	  578.95
9	771	8770000	 4111.22	  576.60
9	776	8775000	 4113.55	  574.26
9	781	8780000	 4115.85	  571.91
9	786	8785000	 4118.19	  569.56
9	791	8790000	 4120.51	  567.21
9	796	8795000	 4122.78	  564.86
9	801	8800000	 4125.10	  562.51
9	806	8805000	 4127.40	  560.16
9	811	8810000	 4129.75	  557.82
9	816	8815000	 4132.17	  555.49
9	821	8820000	 4134.60	  553.15
9	826	8825000	 4137.02	  550.82
9	831	8830000	 4139.36	  548.48
9	836	8835000	 4141.71	  546.13
9	841	8840000	 4144.03	  543.79
9	846	8845000	 4146.39	  541.44
9	851	8850000	 4148.72	  539.10
9	856	8855000	 4151.05	  536.75
9	861	8860000	 4153.40	  534.41
9	866	8865000	 4155.79	  532.07
9	871	8870000	 4158.13	  529.73
9	876	8875000	 4160.45	  527.38
9	881	8880000	 4162.79	  525.04
9	886	8885000	 4165.10	  522.69
9	891	8890000	 4167.43	  520.34
9	896	8895000	 4169.76	  518.00
9	901	8900000	 4172.08	  515.65
9	906	8905000	 4174.40	  513.30
9	911	8910000	 4176.75	  510.96
9	916	8915000	 4179.08	  508.62
9	921	8920000	 4181.42	  506.27
9	926	8925000	 4183.83	  503.93
9	931	8930000	 4186.22	  501.60
9	936	8935000	 4188.54	  499.25
9	941	8940000	 4190.92	  496.91
9	946	8945000	 4193.27	  494.57
9	951	8950000	 4195.60	  492.22
9	956	8955000	 4197.92	  489.87
9	961	8960000	 4200.24	  487.53
9	966	8965000	 4202.50	  485.17
9	971	8970000	 4204.80	  482.83
9	976	8975000	 4207.13	  480.48
9	981	8980000	 4209.48	  478.14
9	986	8985000	 4211.85	  475.80
9	991	8990000	 4214.13	  473.45
9	996	8995000	 4216.48	  471.10
10	1	9000000	 4218.76	  468.75
10	6	9005000	 4221.06	  466.40
10	11	9010000	 4223.42	  464.06
10	16	9015000	 4225.76	  461.72
10	21	9020000	 4228.06	  459.37
10	26	9025000	 4230.40	  457.02
10	31	9030000	 4232.73	  454.68
10	36	9035000	 4235.08	  452.34
10	41	9040000	 4237.40	  449.99
10	46	9045000	 4239.72	  447.64
10	51	9050000	 4242.11	  445.30
10	56	9055000	 4244.41	  442.96
10	61	9060000	 4246.75	  440.61
10	66	9065000	 4249.09	  438.27
10	71	9070000	 4251.49	  435.93
10	76	9075000	 4253.91	  433.59
10	81	9080000	 4256.22	  431.25
10	86	9085000	 4258.56	  428.90
10	91	9090000	 4260.87	  426.56
10	96	9095000	 4263.26	  424.22
10	101	9100000	 4265.57	  421.87
10	106	9105000	 4267.89	  419.52
10	111	9110000	 4270.20	  417.18
10	116	9115000	 4272.49	  414.83
10	121	9120000	 4274.83	  412.48
10	126	9125000	 4277.18	  410.14
10	131	9130000	 4279.53	  407.80
10	136	9135000	 4281.85	  405.45
10	141	9140000	 4284.22	  403.11
10	146	9145000	 4286.56	  400.77
10	151	9150000	 4288.91	  398.42
10	156	9155000	 4291.21	  396.08
10	161	9160000	 4293.55	  393.73
10	166	9165000	 4295.88	  391.39
10	171	9170000	 4298.25	  389.05
10	176	9175000	 4300.57	  386.70
10	181	9180000	 4302.91	  384.36
10	186	9185000	 4305.21	  382.01
10	191	9190000	 4307.56	  379.67
10	196	9195000	 4309.88	  377.32
10	201	9200000	 4312.28	  374.98
10	206	9205000	 4314.69	  372.64
10	211	9210000	 4317.08	  370.30
10	216	9215000	 4319.47	  367.96
10	221	9220000	 4321.78	  365.62
10	226	9225000	 4324.10	  363.27
10	231	9230000	 4326.41	  360.92
10	236	9235000	 4328.69	  358.58
10	241	9240000	 4331.03	  356.23
10	246	9245000	 4333.36	  353.89
10	251	9250000	 4335.69	  351.54
10	256	9255000	 4337.98	  349.19
10	261	9260000	 4340.27	  346.85
10	266	9265000	 4342.62	  344.50
10	271	9270000	 4345.00	  342.16
10	276	9275000	 4347.39	  339.82
10	281	9280000	 4349.73	  337.48
10	286	9285000	 4352.13	  335.14
10	291	9290000	 4354.44	  332.79
10	296	9295000	 4356.75	  330.45
10	301	9300000	 4359.07	  328.10
10	306	9305000	 4361.42	  325.76
10	311	9310000	 4363.78	  323.42
10	316	9315000	 4366.11	  321.07
10	321	9320000	 4368.46	  318.73
10	326	9325000	 4370.83	  316.39
10	331	9330000	 4373.20	  314.05
10	336	9335000	 4375.56	  311.70
10	341	9340000	 4377.84	  309.35
10	346	9345000	 4380.16	  307.01
10	351	9350000	 4382.55	  304.67
10	356	9355000	 4384.96	  302.33
10	361	9360000	 4387.32	  299.99
10	366	9365000	 4389.68	  297.65
10	371	9370000	 4392.02	  295.30
10	376	9375000	 4394.36	  292.96
10	381	9380000	 4396.77	  290.62
10	386	9385000	 4399.16	  288.28
10	391	9390000	 4401.54	  285.94
10	396	9395000	 4403.90	  283.59
10	401	9400000	 4406.24	  281.25
10	406	9405000	 4408.61	  278.91
10	411	9410000	 4410.93	  276.56
10	416	9415000	 4413.29	  274.22
10	421	9420000	 4415.58	  271.87
10	426	9425000	 4417.95	  269.53
10	431	9430000	 4420.31	  267.19
10	436	9435000	 4422.69	  264.85
10	441	9440000	 4424.96	  262.50
10	446	9445000	 4427.33	  260.16
10	451	9450000	 4429.67	  257.81
10	456	9455000	 4432.01	  255.47
10	461	9460000	 4434.35	  253.12
10	466	9465000	 4436.70	  250.78
10	471	9470000	 4438.99	  248.43
10	476	9475000	 4441.31	  246.09
10	481	9480000	 4443.63	  243.74
10	486	9485000	 4445.98	  241.40
10	491	9490000	 4448.37	  239.06
10	496	9495000	 4450.72	  236.72
10	501	9500000	 4453.04	  234.37
10	506	9505000	 4455.37	  232.03
10	511	9510000	 4457.72	  229.68
10	516	9515000	 4460.05	  227.34
10	521	9520000	 4462.37	  224.99
10	526	9525000	 4464.64	  222.65
10	531	9530000	 4467.00	  220.30
10	536	9535000	 4469.40	  217.96
10	541	9540000	 4471.72	  215.62
10	546	9545000	 4474.09	  213.28
10	551	9550000	 4476.52	  210.94
10	556	9555000	 4478.92	  208.59
10	561	9560000	 4481.26	  206.25
10	566	9565000	 4483.62	  203.91
10	571	9570000	 4485.92	  201.56
10	576	9575000	 4488.25	  199.22
10	581	9580000	 4490.55	  196.87
10	586	9585000	 4492.88	  194.53
10	591	9590000	 4495.21	  192.18
10	596	9595000	 4497.53	  189.84
10	601	9600000	 4499.82	  187.49
10	606	9605000	 4502.22	  185.15
10	611	9610000	 4504.53	  182.81
10	616	9615000	 4506.88	  180.46
10	621	9620000	 4509.18	  178.12
10	626	9625000	 4511.56	  175.77
10	631	9630000	 4513.98	  173.43
10	636	9635000	 4516.28	  171.09
10	641	9640000	 4518.67	  168.75
10	646	9645000	 4521.05	  166.40
10	651	9650000	 4523.42	  164.06
10	656	9655000	 4525.77	  161.72
10	661	9660000	 4528.12	  159.37
10	666	9665000	 4530.43	  157.03
10	671	9670000	 4532.77	  154.69
10	676	9675000	 4535.13	  152.34
10	681	9680000	 4537.45	  150.00
10	686	9685000	 4539.80	  147.65
10	691	9690000	 4542.12	  145.31
10	696	9695000	 4544.46	  142.97
10	701	9700000	 4546.79	  140.62
10	706	9705000	 4549.14	  138.28
10	711	9710000	 4551.53	  135.94
10	716	9715000	 4553.84	  133.59
10	721	9720000	 4556.17	  131.25
10	726	9725000	 4558.56	  128.91
10	731	9730000	 4560.94	  126.56
10	736	9735000	 4563.27	  124.22
10	741	9740000	 4565.62	  121.87
10	746	9745000	 4567.96	  119.53
10	751	9750000	 4570.31	  117.19
10	756	9755000	 4572.67	  114.84
10	761	9760000	 4574.99	  112.50
10	766	9765000	 4577.38	  110.16
10	771	9770000	 4579.69	  107.81
10	776	9775000	 4582.04	  105.47
10	781	9780000	 4584.37	  103.12
10	786	9785000	 4586.60	  100.78
10	791	9790000	 4588.93	   98.43
10	796	9795000	 4591.25	   96.09
10	801	9800000	 4593.60	   93.75
10	806	9805000	 4595.94	   91.40
10	811	9810000	 4598.24	   89.06
10	816	9815000	 4600.59	   86.72
10	821	9820000	 4602.86	   84.37
10	826	9825000	 4605.20	   82.03
10	831	9830000	 4607.50	   79.68
10	836	9835000	 4609.83	   77.34
10	841	9840000	 4612.17	   74.99
10	846	9845000	 4614.50	   72.65
10	851	9850000	 4616.77	   70.31
10	856	9855000	 4619.12	   67.96
10	861	9860000	 4621.46	   65.62
10	866	9865000	 4623.81	   63.28
10	871	9870000	 4626.14	   60.93
10	876	9875000	 4628.54	   58.59
10	881	9880000	 4630.90	   56.25
10	886	9885000	 4633.19	   53.90
10	891	9890000	 4635.54	   51.56
10	896	9895000	 4637.89	   49.21
10	901	9900000	 4640.30	   46.87
10	906	9905000	 4642.63	   44.53
10	911	9910000	 4644.99	   42.18
10	916	9915000	 4647.34	   39.84
10	921	9920000	 4649.64	   37.50
10	926	9925000	 4652.04	   35.15
10	931	9930000	 4654.47	   32.81
10	936	9935000	 4656.87	   30.47
10	941	9940000	 4659.18	   28.12
10	946	9945000	 4661.49	   25.78
10	951	9950000	 4663.85	   23.44
10	956	9955000	 4666.24	   21.09
10	961	9960000	 4668.59	   18.75
10	966	9965000	 4670.96	   16.41
10	971	9970000	 4673.25	   14.06
10	976	9975000	 4675.62	   11.72
10	981	9980000	 4677.91	    9.37
10	986	9985000	 4680.29	    7.03
10	991	9990000	 4682.61	    4.69
10	996	9995000	 4684.93	    2.34
Elapsed time is 28026.604460 seconds.

kk =

     0

Elapsed time is 28026.747487 seconds.
>> 