Device Number: 0
Device name: Tesla K40m
Memory clock rate (Khz): 3004000
Memory Bus Width (bits): 384
Peak Memory Bandwidth (GB/s): 288.384000

Device Number: 1
Device name: Tesla K40m
Memory clock rate (Khz): 3004000
Memory Bus Width (bits): 384
Peak Memory Bandwidth (GB/s): 288.384000

Total count is 1000 

The model supplied is ../../veryfastFVA/data/models/P_Putida/P_Putida.mps
nRxns egale a 1060  
nMets egale a 911  
the value of surplus is -4421 
status is 0 (0 means all good) 
the value of surplus is 0 
nnz is 4421 
nnz is 4421 
nWrmup egale a 2500 
h_S[870] is 0.000000000000029 
Null space done in 3.62732 seconds.
File 0
totalStepCount is 992 stepCount 9 pointCount 92 index 92 
totalStepCount is 993 stepCount 9 pointCount 93 index 93 
totalStepCount is 994 stepCount 9 pointCount 94 index 94 
totalStepCount is 995 stepCount 9 pointCount 95 index 95 
totalStepCount is 996 stepCount 9 pointCount 96 index 96 
totalStepCount is 997 stepCount 9 pointCount 97 index 97 
totalStepCount is 998 stepCount 9 pointCount 98 index 98 
totalStepCount is 999 stepCount 9 pointCount 99 index 99 
totalStepCount is 96 stepCount 0 pointCount 96 index 96 
totalStepCount is 97 stepCount 0 pointCount 97 index 97 
totalStepCount is 98 stepCount 0 pointCount 98 index 98 
totalStepCount is 99 stepCount 0 pointCount 99 index 99 
totalStepCount is 100 stepCount 1 pointCount 0 index 0 
totalStepCount is 101 stepCount 1 pointCount 1 index 1 
totalStepCount is 102 stepCount 1 pointCount 2 index 2 
totalStepCount is 103 stepCount 1 pointCount 3 index 3 
totalStepCount is 104 stepCount 1 pointCount 4 index 4 
totalStepCount is 105 stepCount 1 pointCount 5 index 5 
totalStepCount is 106 stepCount 1 pointCount 6 index 6 
totalStepCount is 107 stepCount 1 pointCount 7 index 7 
totalStepCount is 108 stepCount 1 pointCount 8 index 8 
totalStepCount is 109 stepCount 1 pointCount 9 index 9 
totalStepCount is 110 stepCount 1 pointCount 10 index 10 
totalStepCount is 111 stepCount 1 pointCount 11 index 11 
totalStepCount is 112 stepCount 1 pointCount 12 index 12 
totalStepCount is 113 stepCount 1 pointCount 13 index 13 
totalStepCount is 114 stepCount 1 pointCount 14 index 14 
totalStepCount is 115 stepCount 1 pointCount 15 index 15 
totalStepCount is 116 stepCount 1 pointCount 16 index 16 
totalStepCount is 117 stepCount 1 pointCount 17 index 17 
totalStepCount is 118 stepCount 1 pointCount 18 index 18 
totalStepCount is 119 stepCount 1 pointCount 19 index 19 
totalStepCount is 120 stepCount 1 pointCount 20 index 20 
totalStepCount is 121 stepCount 1 pointCount 21 index 21 
totalStepCount is 122 stepCount 1 pointCount 22 index 22 
totalStepCount is 123 stepCount 1 pointCount 23 index 23 
totalStepCount is 124 stepCount 1 pointCount 24 index 24 
totalStepCount is 125 stepCount 1 pointCount 25 index 25 
totalStepCount is 126 stepCount 1 pointCount 26 index 26 
totalStepCount is 127 stepCount 1 pointCount 27 index 27 
totalStepCount is 832 stepCount 8 pointCount 32 index 32 
totalStepCount is 833 stepCount 8 pointCount 33 index 33 
totalStepCount is 834 stepCount 8 pointCount 34 index 34 
totalStepCount is 835 stepCount 8 pointCount 35 index 35 
totalStepCount is 836 stepCount 8 pointCount 36 index 36 
totalStepCount is 837 stepCount 8 pointCount 37 index 37 
totalStepCount is 838 stepCount 8 pointCount 38 index 38 
totalStepCount is 839 stepCount 8 pointCount 39 index 39 
totalStepCount is 840 stepCount 8 pointCount 40 index 40 
totalStepCount is 841 stepCount 8 pointCount 41 index 41 
totalStepCount is 842 stepCount 8 pointCount 42 index 42 
totalStepCount is 843 stepCount 8 pointCount 43 index 43 
totalStepCount is 844 stepCount 8 pointCount 44 index 44 
totalStepCount is 845 stepCount 8 pointCount 45 index 45 
totalStepCount is 846 stepCount 8 pointCount 46 index 46 
totalStepCount is 847 stepCount 8 pointCount 47 index 47 
totalStepCount is 848 stepCount 8 pointCount 48 index 48 
totalStepCount is 849 stepCount 8 pointCount 49 index 49 
totalStepCount is 850 stepCount 8 pointCount 50 index 50 
totalStepCount is 851 stepCount 8 pointCount 51 index 51 
totalStepCount is 852 stepCount 8 pointCount 52 index 52 
totalStepCount is 853 stepCount 8 pointCount 53 index 53 
totalStepCount is 854 stepCount 8 pointCount 54 index 54 
totalStepCount is 855 stepCount 8 pointCount 55 index 55 
totalStepCount is 856 stepCount 8 pointCount 56 index 56 
totalStepCount is 857 stepCount 8 pointCount 57 index 57 
totalStepCount is 858 stepCount 8 pointCount 58 index 58 
totalStepCount is 859 stepCount 8 pointCount 59 index 59 
totalStepCount is 860 stepCount 8 pointCount 60 index 60 
totalStepCount is 861 stepCount 8 pointCount 61 index 61 
totalStepCount is 862 stepCount 8 pointCount 62 index 62 
totalStepCount is 863 stepCount 8 pointCount 63 index 63 
totalStepCount is 928 stepCount 9 pointCount 28 index 28 
totalStepCount is 929 stepCount 9 pointCount 29 index 29 
totalStepCount is 930 stepCount 9 pointCount 30 index 30 
totalStepCount is 931 stepCount 9 pointCount 31 index 31 
totalStepCount is 932 stepCount 9 pointCount 32 index 32 
totalStepCount is 933 stepCount 9 pointCount 33 index 33 
totalStepCount is 934 stepCount 9 pointCount 34 index 34 
totalStepCount is 935 stepCount 9 pointCount 35 index 35 
totalStepCount is 936 stepCount 9 pointCount 36 index 36 
totalStepCount is 937 stepCount 9 pointCount 37 index 37 
totalStepCount is 938 stepCount 9 pointCount 38 index 38 
totalStepCount is 939 stepCount 9 pointCount 39 index 39 
totalStepCount is 940 stepCount 9 pointCount 40 index 40 
totalStepCount is 941 stepCount 9 pointCount 41 index 41 
totalStepCount is 942 stepCount 9 pointCount 42 index 42 
totalStepCount is 943 stepCount 9 pointCount 43 index 43 
totalStepCount is 944 stepCount 9 pointCount 44 index 44 
totalStepCount is 945 stepCount 9 pointCount 45 index 45 
totalStepCount is 946 stepCount 9 pointCount 46 index 46 
totalStepCount is 947 stepCount 9 pointCount 47 index 47 
totalStepCount is 948 stepCount 9 pointCount 48 index 48 
totalStepCount is 949 stepCount 9 pointCount 49 index 49 
totalStepCount is 950 stepCount 9 pointCount 50 index 50 
totalStepCount is 951 stepCount 9 pointCount 51 index 51 
totalStepCount is 952 stepCount 9 pointCount 52 index 52 
totalStepCount is 953 stepCount 9 pointCount 53 index 53 
totalStepCount is 954 stepCount 9 pointCount 54 index 54 
totalStepCount is 955 stepCount 9 pointCount 55 index 55 
totalStepCount is 956 stepCount 9 pointCount 56 index 56 
totalStepCount is 957 stepCount 9 pointCount 57 index 57 
totalStepCount is 958 stepCount 9 pointCount 58 index 58 
totalStepCount is 959 stepCount 9 pointCount 59 index 59 
totalStepCount is 608 stepCount 6 pointCount 8 index 8 
totalStepCount is 609 stepCount 6 pointCount 9 index 9 
totalStepCount is 610 stepCount 6 pointCount 10 index 10 
totalStepCount is 611 stepCount 6 pointCount 11 index 11 
totalStepCount is 612 stepCount 6 pointCount 12 index 12 
totalStepCount is 613 stepCount 6 pointCount 13 index 13 
totalStepCount is 614 stepCount 6 pointCount 14 index 14 
totalStepCount is 615 stepCount 6 pointCount 15 index 15 
totalStepCount is 616 stepCount 6 pointCount 16 index 16 
totalStepCount is 617 stepCount 6 pointCount 17 index 17 
totalStepCount is 618 stepCount 6 pointCount 18 index 18 
totalStepCount is 619 stepCount 6 pointCount 19 index 19 
totalStepCount is 620 stepCount 6 pointCount 20 index 20 
totalStepCount is 621 stepCount 6 pointCount 21 index 21 
totalStepCount is 622 stepCount 6 pointCount 22 index 22 
totalStepCount is 623 stepCount 6 pointCount 23 index 23 
totalStepCount is 624 stepCount 6 pointCount 24 index 24 
totalStepCount is 625 stepCount 6 pointCount 25 index 25 
totalStepCount is 626 stepCount 6 pointCount 26 index 26 
totalStepCount is 627 stepCount 6 pointCount 27 index 27 
totalStepCount is 628 stepCount 6 pointCount 28 index 28 
totalStepCount is 629 stepCount 6 pointCount 29 index 29 
totalStepCount is 630 stepCount 6 pointCount 30 index 30 
totalStepCount is 631 stepCount 6 pointCount 31 index 31 
totalStepCount is 632 stepCount 6 pointCount 32 index 32 
totalStepCount is 633 stepCount 6 pointCount 33 index 33 
totalStepCount is 634 stepCount 6 pointCount 34 index 34 
totalStepCount is 635 stepCount 6 pointCount 35 index 35 
totalStepCount is 636 stepCount 6 pointCount 36 index 36 
totalStepCount is 637 stepCount 6 pointCount 37 index 37 
totalStepCount is 638 stepCount 6 pointCount 38 index 38 
totalStepCount is 639 stepCount 6 pointCount 39 index 39 
totalStepCount is 960 stepCount 9 pointCount 60 index 60 
totalStepCount is 961 stepCount 9 pointCount 61 index 61 
totalStepCount is 962 stepCount 9 pointCount 62 index 62 
totalStepCount is 963 stepCount 9 pointCount 63 index 63 
totalStepCount is 964 stepCount 9 pointCount 64 index 64 
totalStepCount is 965 stepCount 9 pointCount 65 index 65 
totalStepCount is 966 stepCount 9 pointCount 66 index 66 
totalStepCount is 967 stepCount 9 pointCount 67 index 67 
totalStepCount is 968 stepCount 9 pointCount 68 index 68 
totalStepCount is 969 stepCount 9 pointCount 69 index 69 
totalStepCount is 970 stepCount 9 pointCount 70 index 70 
totalStepCount is 971 stepCount 9 pointCount 71 index 71 
totalStepCount is 972 stepCount 9 pointCount 72 index 72 
totalStepCount is 973 stepCount 9 pointCount 73 index 73 
totalStepCount is 974 stepCount 9 pointCount 74 index 74 
totalStepCount is 975 stepCount 9 pointCount 75 index 75 
totalStepCount is 976 stepCount 9 pointCount 76 index 76 
totalStepCount is 977 stepCount 9 pointCount 77 index 77 
totalStepCount is 978 stepCount 9 pointCount 78 index 78 
totalStepCount is 979 stepCount 9 pointCount 79 index 79 
totalStepCount is 980 stepCount 9 pointCount 80 index 80 
totalStepCount is 981 stepCount 9 pointCount 81 index 81 
totalStepCount is 982 stepCount 9 pointCount 82 index 82 
totalStepCount is 983 stepCount 9 pointCount 83 index 83 
totalStepCount is 984 stepCount 9 pointCount 84 index 84 
totalStepCount is 985 stepCount 9 pointCount 85 index 85 
totalStepCount is 986 stepCount 9 pointCount 86 index 86 
totalStepCount is 987 stepCount 9 pointCount 87 index 87 
totalStepCount is 988 stepCount 9 pointCount 88 index 88 
totalStepCount is 989 stepCount 9 pointCount 89 index 89 
totalStepCount is 990 stepCount 9 pointCount 90 index 90 
totalStepCount is 991 stepCount 9 pointCount 91 index 91 
totalStepCount is 800 stepCount 8 pointCount 0 index 0 
totalStepCount is 801 stepCount 8 pointCount 1 index 1 
totalStepCount is 802 stepCount 8 pointCount 2 index 2 
totalStepCount is 803 stepCount 8 pointCount 3 index 3 
totalStepCount is 804 stepCount 8 pointCount 4 index 4 
totalStepCount is 805 stepCount 8 pointCount 5 index 5 
totalStepCount is 806 stepCount 8 pointCount 6 index 6 
totalStepCount is 807 stepCount 8 pointCount 7 index 7 
totalStepCount is 808 stepCount 8 pointCount 8 index 8 
totalStepCount is 809 stepCount 8 pointCount 9 index 9 
totalStepCount is 810 stepCount 8 pointCount 10 index 10 
totalStepCount is 811 stepCount 8 pointCount 11 index 11 
totalStepCount is 812 stepCount 8 pointCount 12 index 12 
totalStepCount is 813 stepCount 8 pointCount 13 index 13 
totalStepCount is 814 stepCount 8 pointCount 14 index 14 
totalStepCount is 815 stepCount 8 pointCount 15 index 15 
totalStepCount is 816 stepCount 8 pointCount 16 index 16 
totalStepCount is 817 stepCount 8 pointCount 17 index 17 
totalStepCount is 818 stepCount 8 pointCount 18 index 18 
totalStepCount is 819 stepCount 8 pointCount 19 index 19 
totalStepCount is 820 stepCount 8 pointCount 20 index 20 
totalStepCount is 821 stepCount 8 pointCount 21 index 21 
totalStepCount is 822 stepCount 8 pointCount 22 index 22 
totalStepCount is 823 stepCount 8 pointCount 23 index 23 
totalStepCount is 824 stepCount 8 pointCount 24 index 24 
totalStepCount is 825 stepCount 8 pointCount 25 index 25 
totalStepCount is 826 stepCount 8 pointCount 26 index 26 
totalStepCount is 827 stepCount 8 pointCount 27 index 27 
totalStepCount is 828 stepCount 8 pointCount 28 index 28 
totalStepCount is 829 stepCount 8 pointCount 29 index 29 
totalStepCount is 830 stepCount 8 pointCount 30 index 30 
totalStepCount is 831 stepCount 8 pointCount 31 index 31 
totalStepCount is 128 stepCount 1 pointCount 28 index 28 
totalStepCount is 129 stepCount 1 pointCount 29 index 29 
totalStepCount is 130 stepCount 1 pointCount 30 index 30 
totalStepCount is 131 stepCount 1 pointCount 31 index 31 
totalStepCount is 132 stepCount 1 pointCount 32 index 32 
totalStepCount is 133 stepCount 1 pointCount 33 index 33 
totalStepCount is 134 stepCount 1 pointCount 34 index 34 
totalStepCount is 135 stepCount 1 pointCount 35 index 35 
totalStepCount is 136 stepCount 1 pointCount 36 index 36 
totalStepCount is 137 stepCount 1 pointCount 37 index 37 
totalStepCount is 138 stepCount 1 pointCount 38 index 38 
totalStepCount is 139 stepCount 1 pointCount 39 index 39 
totalStepCount is 140 stepCount 1 pointCount 40 index 40 
totalStepCount is 141 stepCount 1 pointCount 41 index 41 
totalStepCount is 142 stepCount 1 pointCount 42 index 42 
totalStepCount is 143 stepCount 1 pointCount 43 index 43 
totalStepCount is 144 stepCount 1 pointCount 44 index 44 
totalStepCount is 145 stepCount 1 pointCount 45 index 45 
totalStepCount is 146 stepCount 1 pointCount 46 index 46 
totalStepCount is 147 stepCount 1 pointCount 47 index 47 
totalStepCount is 148 stepCount 1 pointCount 48 index 48 
totalStepCount is 149 stepCount 1 pointCount 49 index 49 
totalStepCount is 150 stepCount 1 pointCount 50 index 50 
totalStepCount is 151 stepCount 1 pointCount 51 index 51 
totalStepCount is 152 stepCount 1 pointCount 52 index 52 
totalStepCount is 153 stepCount 1 pointCount 53 index 53 
totalStepCount is 154 stepCount 1 pointCount 54 index 54 
totalStepCount is 155 stepCount 1 pointCount 55 index 55 
totalStepCount is 156 stepCount 1 pointCount 56 index 56 
totalStepCount is 157 stepCount 1 pointCount 57 index 57 
totalStepCount is 158 stepCount 1 pointCount 58 index 58 
totalStepCount is 159 stepCount 1 pointCount 59 index 59 
totalStepCount is 64 stepCount 0 pointCount 64 index 64 
totalStepCount is 65 stepCount 0 pointCount 65 index 65 
totalStepCount is 66 stepCount 0 pointCount 66 index 66 
totalStepCount is 67 stepCount 0 pointCount 67 index 67 
totalStepCount is 68 stepCount 0 pointCount 68 index 68 
totalStepCount is 69 stepCount 0 pointCount 69 index 69 
totalStepCount is 70 stepCount 0 pointCount 70 index 70 
totalStepCount is 71 stepCount 0 pointCount 71 index 71 
totalStepCount is 72 stepCount 0 pointCount 72 index 72 
totalStepCount is 73 stepCount 0 pointCount 73 index 73 
totalStepCount is 74 stepCount 0 pointCount 74 index 74 
totalStepCount is 75 stepCount 0 pointCount 75 index 75 
totalStepCount is 76 stepCount 0 pointCount 76 index 76 
totalStepCount is 77 stepCount 0 pointCount 77 index 77 
totalStepCount is 78 stepCount 0 pointCount 78 index 78 
totalStepCount is 79 stepCount 0 pointCount 79 index 79 
totalStepCount is 80 stepCount 0 pointCount 80 index 80 
totalStepCount is 81 stepCount 0 pointCount 81 index 81 
totalStepCount is 82 stepCount 0 pointCount 82 index 82 
totalStepCount is 83 stepCount 0 pointCount 83 index 83 
totalStepCount is 84 stepCount 0 pointCount 84 index 84 
totalStepCount is 85 stepCount 0 pointCount 85 index 85 
totalStepCount is 86 stepCount 0 pointCount 86 index 86 
totalStepCount is 87 stepCount 0 pointCount 87 index 87 
totalStepCount is 88 stepCount 0 pointCount 88 index 88 
totalStepCount is 89 stepCount 0 pointCount 89 index 89 
totalStepCount is 90 stepCount 0 pointCount 90 index 90 
totalStepCount is 91 stepCount 0 pointCount 91 index 91 
totalStepCount is 92 stepCount 0 pointCount 92 index 92 
totalStepCount is 93 stepCount 0 pointCount 93 index 93 
totalStepCount is 94 stepCount 0 pointCount 94 index 94 
totalStepCount is 95 stepCount 0 pointCount 95 index 95 
totalStepCount is 224 stepCount 2 pointCount 24 index 24 
totalStepCount is 225 stepCount 2 pointCount 25 index 25 
totalStepCount is 226 stepCount 2 pointCount 26 index 26 
totalStepCount is 227 stepCount 2 pointCount 27 index 27 
totalStepCount is 228 stepCount 2 pointCount 28 index 28 
totalStepCount is 229 stepCount 2 pointCount 29 index 29 
totalStepCount is 230 stepCount 2 pointCount 30 index 30 
totalStepCount is 231 stepCount 2 pointCount 31 index 31 
totalStepCount is 232 stepCount 2 pointCount 32 index 32 
totalStepCount is 233 stepCount 2 pointCount 33 index 33 
totalStepCount is 234 stepCount 2 pointCount 34 index 34 
totalStepCount is 235 stepCount 2 pointCount 35 index 35 
totalStepCount is 236 stepCount 2 pointCount 36 index 36 
totalStepCount is 237 stepCount 2 pointCount 37 index 37 
totalStepCount is 238 stepCount 2 pointCount 38 index 38 
totalStepCount is 239 stepCount 2 pointCount 39 index 39 
totalStepCount is 240 stepCount 2 pointCount 40 index 40 
totalStepCount is 241 stepCount 2 pointCount 41 index 41 
totalStepCount is 242 stepCount 2 pointCount 42 index 42 
totalStepCount is 243 stepCount 2 pointCount 43 index 43 
totalStepCount is 244 stepCount 2 pointCount 44 index 44 
totalStepCount is 245 stepCount 2 pointCount 45 index 45 
totalStepCount is 246 stepCount 2 pointCount 46 index 46 
totalStepCount is 247 stepCount 2 pointCount 47 index 47 
totalStepCount is 248 stepCount 2 pointCount 48 index 48 
totalStepCount is 249 stepCount 2 pointCount 49 index 49 
totalStepCount is 250 stepCount 2 pointCount 50 index 50 
totalStepCount is 251 stepCount 2 pointCount 51 index 51 
totalStepCount is 252 stepCount 2 pointCount 52 index 52 
totalStepCount is 253 stepCount 2 pointCount 53 index 53 
totalStepCount is 254 stepCount 2 pointCount 54 index 54 
totalStepCount is 255 stepCount 2 pointCount 55 index 55 
totalStepCount is 480 stepCount 4 pointCount 80 index 80 
totalStepCount is 481 stepCount 4 pointCount 81 index 81 
totalStepCount is 482 stepCount 4 pointCount 82 index 82 
totalStepCount is 483 stepCount 4 pointCount 83 index 83 
totalStepCount is 484 stepCount 4 pointCount 84 index 84 
totalStepCount is 485 stepCount 4 pointCount 85 index 85 
totalStepCount is 486 stepCount 4 pointCount 86 index 86 
totalStepCount is 487 stepCount 4 pointCount 87 index 87 
totalStepCount is 488 stepCount 4 pointCount 88 index 88 
totalStepCount is 489 stepCount 4 pointCount 89 index 89 
totalStepCount is 490 stepCount 4 pointCount 90 index 90 
totalStepCount is 491 stepCount 4 pointCount 91 index 91 
totalStepCount is 492 stepCount 4 pointCount 92 index 92 
totalStepCount is 493 stepCount 4 pointCount 93 index 93 
totalStepCount is 494 stepCount 4 pointCount 94 index 94 
totalStepCount is 495 stepCount 4 pointCount 95 index 95 
totalStepCount is 496 stepCount 4 pointCount 96 index 96 
totalStepCount is 497 stepCount 4 pointCount 97 index 97 
totalStepCount is 498 stepCount 4 pointCount 98 index 98 
totalStepCount is 499 stepCount 4 pointCount 99 index 99 
totalStepCount is 500 stepCount 5 pointCount 0 index 0 
totalStepCount is 501 stepCount 5 pointCount 1 index 1 
totalStepCount is 502 stepCount 5 pointCount 2 index 2 
totalStepCount is 503 stepCount 5 pointCount 3 index 3 
totalStepCount is 504 stepCount 5 pointCount 4 index 4 
totalStepCount is 505 stepCount 5 pointCount 5 index 5 
totalStepCount is 506 stepCount 5 pointCount 6 index 6 
totalStepCount is 507 stepCount 5 pointCount 7 index 7 
totalStepCount is 508 stepCount 5 pointCount 8 index 8 
totalStepCount is 509 stepCount 5 pointCount 9 index 9 
totalStepCount is 510 stepCount 5 pointCount 10 index 10 
totalStepCount is 511 stepCount 5 pointCount 11 index 11 
totalStepCount is 448 stepCount 4 pointCount 48 index 48 
totalStepCount is 449 stepCount 4 pointCount 49 index 49 
totalStepCount is 450 stepCount 4 pointCount 50 index 50 
totalStepCount is 451 stepCount 4 pointCount 51 index 51 
totalStepCount is 452 stepCount 4 pointCount 52 index 52 
totalStepCount is 453 stepCount 4 pointCount 53 index 53 
totalStepCount is 454 stepCount 4 pointCount 54 index 54 
totalStepCount is 455 stepCount 4 pointCount 55 index 55 
totalStepCount is 456 stepCount 4 pointCount 56 index 56 
totalStepCount is 457 stepCount 4 pointCount 57 index 57 
totalStepCount is 458 stepCount 4 pointCount 58 index 58 
totalStepCount is 459 stepCount 4 pointCount 59 index 59 
totalStepCount is 460 stepCount 4 pointCount 60 index 60 
totalStepCount is 461 stepCount 4 pointCount 61 index 61 
totalStepCount is 462 stepCount 4 pointCount 62 index 62 
totalStepCount is 463 stepCount 4 pointCount 63 index 63 
totalStepCount is 464 stepCount 4 pointCount 64 index 64 
totalStepCount is 465 stepCount 4 pointCount 65 index 65 
totalStepCount is 466 stepCount 4 pointCount 66 index 66 
totalStepCount is 467 stepCount 4 pointCount 67 index 67 
totalStepCount is 468 stepCount 4 pointCount 68 index 68 
totalStepCount is 469 stepCount 4 pointCount 69 index 69 
totalStepCount is 470 stepCount 4 pointCount 70 index 70 
totalStepCount is 471 stepCount 4 pointCount 71 index 71 
totalStepCount is 472 stepCount 4 pointCount 72 index 72 
totalStepCount is 473 stepCount 4 pointCount 73 index 73 
totalStepCount is 474 stepCount 4 pointCount 74 index 74 
totalStepCount is 475 stepCount 4 pointCount 75 index 75 
totalStepCount is 476 stepCount 4 pointCount 76 index 76 
totalStepCount is 477 stepCount 4 pointCount 77 index 77 
totalStepCount is 478 stepCount 4 pointCount 78 index 78 
totalStepCount is 479 stepCount 4 pointCount 79 index 79 
totalStepCount is 256 stepCount 2 pointCount 56 index 56 
totalStepCount is 257 stepCount 2 pointCount 57 index 57 
totalStepCount is 258 stepCount 2 pointCount 58 index 58 
totalStepCount is 259 stepCount 2 pointCount 59 index 59 
totalStepCount is 260 stepCount 2 pointCount 60 index 60 
totalStepCount is 261 stepCount 2 pointCount 61 index 61 
totalStepCount is 262 stepCount 2 pointCount 62 index 62 
totalStepCount is 263 stepCount 2 pointCount 63 index 63 
totalStepCount is 264 stepCount 2 pointCount 64 index 64 
totalStepCount is 265 stepCount 2 pointCount 65 index 65 
totalStepCount is 266 stepCount 2 pointCount 66 index 66 
totalStepCount is 267 stepCount 2 pointCount 67 index 67 
totalStepCount is 268 stepCount 2 pointCount 68 index 68 
totalStepCount is 269 stepCount 2 pointCount 69 index 69 
totalStepCount is 270 stepCount 2 pointCount 70 index 70 
totalStepCount is 271 stepCount 2 pointCount 71 index 71 
totalStepCount is 272 stepCount 2 pointCount 72 index 72 
totalStepCount is 273 stepCount 2 pointCount 73 index 73 
totalStepCount is 274 stepCount 2 pointCount 74 index 74 
totalStepCount is 275 stepCount 2 pointCount 75 index 75 
totalStepCount is 276 stepCount 2 pointCount 76 index 76 
totalStepCount is 277 stepCount 2 pointCount 77 index 77 
totalStepCount is 278 stepCount 2 pointCount 78 index 78 
totalStepCount is 279 stepCount 2 pointCount 79 index 79 
totalStepCount is 280 stepCount 2 pointCount 80 index 80 
totalStepCount is 281 stepCount 2 pointCount 81 index 81 
totalStepCount is 282 stepCount 2 pointCount 82 index 82 
totalStepCount is 283 stepCount 2 pointCount 83 index 83 
totalStepCount is 284 stepCount 2 pointCount 84 index 84 
totalStepCount is 285 stepCount 2 pointCount 85 index 85 
totalStepCount is 286 stepCount 2 pointCount 86 index 86 
totalStepCount is 287 stepCount 2 pointCount 87 index 87 
totalStepCount is 32 stepCount 0 pointCount 32 index 32 
totalStepCount is 33 stepCount 0 pointCount 33 index 33 
totalStepCount is 34 stepCount 0 pointCount 34 index 34 
totalStepCount is 35 stepCount 0 pointCount 35 index 35 
totalStepCount is 36 stepCount 0 pointCount 36 index 36 
totalStepCount is 37 stepCount 0 pointCount 37 index 37 
totalStepCount is 38 stepCount 0 pointCount 38 index 38 
totalStepCount is 39 stepCount 0 pointCount 39 index 39 
totalStepCount is 40 stepCount 0 pointCount 40 index 40 
totalStepCount is 41 stepCount 0 pointCount 41 index 41 
totalStepCount is 42 stepCount 0 pointCount 42 index 42 
totalStepCount is 43 stepCount 0 pointCount 43 index 43 
totalStepCount is 44 stepCount 0 pointCount 44 index 44 
totalStepCount is 45 stepCount 0 pointCount 45 index 45 
totalStepCount is 46 stepCount 0 pointCount 46 index 46 
totalStepCount is 47 stepCount 0 pointCount 47 index 47 
totalStepCount is 48 stepCount 0 pointCount 48 index 48 
totalStepCount is 49 stepCount 0 pointCount 49 index 49 
totalStepCount is 50 stepCount 0 pointCount 50 index 50 
totalStepCount is 51 stepCount 0 pointCount 51 index 51 
totalStepCount is 52 stepCount 0 pointCount 52 index 52 
totalStepCount is 53 stepCount 0 pointCount 53 index 53 
totalStepCount is 54 stepCount 0 pointCount 54 index 54 
totalStepCount is 55 stepCount 0 pointCount 55 index 55 
totalStepCount is 56 stepCount 0 pointCount 56 index 56 
totalStepCount is 57 stepCount 0 pointCount 57 index 57 
totalStepCount is 58 stepCount 0 pointCount 58 index 58 
totalStepCount is 59 stepCount 0 pointCount 59 index 59 
totalStepCount is 60 stepCount 0 pointCount 60 index 60 
totalStepCount is 61 stepCount 0 pointCount 61 index 61 
totalStepCount is 62 stepCount 0 pointCount 62 index 62 
totalStepCount is 63 stepCount 0 pointCount 63 index 63 
totalStepCount is 352 stepCount 3 pointCount 52 index 52 
totalStepCount is 353 stepCount 3 pointCount 53 index 53 
totalStepCount is 354 stepCount 3 pointCount 54 index 54 
totalStepCount is 355 stepCount 3 pointCount 55 index 55 
totalStepCount is 356 stepCount 3 pointCount 56 index 56 
totalStepCount is 357 stepCount 3 pointCount 57 index 57 
totalStepCount is 358 stepCount 3 pointCount 58 index 58 
totalStepCount is 359 stepCount 3 pointCount 59 index 59 
totalStepCount is 360 stepCount 3 pointCount 60 index 60 
totalStepCount is 361 stepCount 3 pointCount 61 index 61 
totalStepCount is 362 stepCount 3 pointCount 62 index 62 
totalStepCount is 363 stepCount 3 pointCount 63 index 63 
totalStepCount is 364 stepCount 3 pointCount 64 index 64 
totalStepCount is 365 stepCount 3 pointCount 65 index 65 
totalStepCount is 366 stepCount 3 pointCount 66 index 66 
totalStepCount is 367 stepCount 3 pointCount 67 index 67 
totalStepCount is 368 stepCount 3 pointCount 68 index 68 
totalStepCount is 369 stepCount 3 pointCount 69 index 69 
totalStepCount is 370 stepCount 3 pointCount 70 index 70 
totalStepCount is 371 stepCount 3 pointCount 71 index 71 
totalStepCount is 372 stepCount 3 pointCount 72 index 72 
totalStepCount is 373 stepCount 3 pointCount 73 index 73 
totalStepCount is 374 stepCount 3 pointCount 74 index 74 
totalStepCount is 375 stepCount 3 pointCount 75 index 75 
totalStepCount is 376 stepCount 3 pointCount 76 index 76 
totalStepCount is 377 stepCount 3 pointCount 77 index 77 
totalStepCount is 378 stepCount 3 pointCount 78 index 78 
totalStepCount is 379 stepCount 3 pointCount 79 index 79 
totalStepCount is 380 stepCount 3 pointCount 80 index 80 
totalStepCount is 381 stepCount 3 pointCount 81 index 81 
totalStepCount is 382 stepCount 3 pointCount 82 index 82 
totalStepCount is 383 stepCount 3 pointCount 83 index 83 
totalStepCount is 160 stepCount 1 pointCount 60 index 60 
totalStepCount is 161 stepCount 1 pointCount 61 index 61 
totalStepCount is 162 stepCount 1 pointCount 62 index 62 
totalStepCount is 163 stepCount 1 pointCount 63 index 63 
totalStepCount is 164 stepCount 1 pointCount 64 index 64 
totalStepCount is 165 stepCount 1 pointCount 65 index 65 
totalStepCount is 166 stepCount 1 pointCount 66 index 66 
totalStepCount is 167 stepCount 1 pointCount 67 index 67 
totalStepCount is 168 stepCount 1 pointCount 68 index 68 
totalStepCount is 169 stepCount 1 pointCount 69 index 69 
totalStepCount is 170 stepCount 1 pointCount 70 index 70 
totalStepCount is 171 stepCount 1 pointCount 71 index 71 
totalStepCount is 172 stepCount 1 pointCount 72 index 72 
totalStepCount is 173 stepCount 1 pointCount 73 index 73 
totalStepCount is 174 stepCount 1 pointCount 74 index 74 
totalStepCount is 175 stepCount 1 pointCount 75 index 75 
totalStepCount is 176 stepCount 1 pointCount 76 index 76 
totalStepCount is 177 stepCount 1 pointCount 77 index 77 
totalStepCount is 178 stepCount 1 pointCount 78 index 78 
totalStepCount is 179 stepCount 1 pointCount 79 index 79 
totalStepCount is 180 stepCount 1 pointCount 80 index 80 
totalStepCount is 181 stepCount 1 pointCount 81 index 81 
totalStepCount is 182 stepCount 1 pointCount 82 index 82 
totalStepCount is 183 stepCount 1 pointCount 83 index 83 
totalStepCount is 184 stepCount 1 pointCount 84 index 84 
totalStepCount is 185 stepCount 1 pointCount 85 index 85 
totalStepCount is 186 stepCount 1 pointCount 86 index 86 
totalStepCount is 187 stepCount 1 pointCount 87 index 87 
totalStepCount is 188 stepCount 1 pointCount 88 index 88 
totalStepCount is 189 stepCount 1 pointCount 89 index 89 
totalStepCount is 190 stepCount 1 pointCount 90 index 90 
totalStepCount is 191 stepCount 1 pointCount 91 index 91 
totalStepCount is 704 stepCount 7 pointCount 4 index 4 
totalStepCount is 705 stepCount 7 pointCount 5 index 5 
totalStepCount is 706 stepCount 7 pointCount 6 index 6 
totalStepCount is 707 stepCount 7 pointCount 7 index 7 
totalStepCount is 708 stepCount 7 pointCount 8 index 8 
totalStepCount is 709 stepCount 7 pointCount 9 index 9 
totalStepCount is 710 stepCount 7 pointCount 10 index 10 
totalStepCount is 711 stepCount 7 pointCount 11 index 11 
totalStepCount is 712 stepCount 7 pointCount 12 index 12 
totalStepCount is 713 stepCount 7 pointCount 13 index 13 
totalStepCount is 714 stepCount 7 pointCount 14 index 14 
totalStepCount is 715 stepCount 7 pointCount 15 index 15 
totalStepCount is 716 stepCount 7 pointCount 16 index 16 
totalStepCount is 717 stepCount 7 pointCount 17 index 17 
totalStepCount is 718 stepCount 7 pointCount 18 index 18 
totalStepCount is 719 stepCount 7 pointCount 19 index 19 
totalStepCount is 720 stepCount 7 pointCount 20 index 20 
totalStepCount is 721 stepCount 7 pointCount 21 index 21 
totalStepCount is 722 stepCount 7 pointCount 22 index 22 
totalStepCount is 723 stepCount 7 pointCount 23 index 23 
totalStepCount is 724 stepCount 7 pointCount 24 index 24 
totalStepCount is 725 stepCount 7 pointCount 25 index 25 
totalStepCount is 726 stepCount 7 pointCount 26 index 26 
totalStepCount is 727 stepCount 7 pointCount 27 index 27 
totalStepCount is 728 stepCount 7 pointCount 28 index 28 
totalStepCount is 729 stepCount 7 pointCount 29 index 29 
totalStepCount is 730 stepCount 7 pointCount 30 index 30 
totalStepCount is 731 stepCount 7 pointCount 31 index 31 
totalStepCount is 732 stepCount 7 pointCount 32 index 32 
totalStepCount is 733 stepCount 7 pointCount 33 index 33 
totalStepCount is 734 stepCount 7 pointCount 34 index 34 
totalStepCount is 735 stepCount 7 pointCount 35 index 35 
totalStepCount is 736 stepCount 7 pointCount 36 index 36 
totalStepCount is 737 stepCount 7 pointCount 37 index 37 
totalStepCount is 738 stepCount 7 pointCount 38 index 38 
totalStepCount is 739 stepCount 7 pointCount 39 index 39 
totalStepCount is 740 stepCount 7 pointCount 40 index 40 
totalStepCount is 741 stepCount 7 pointCount 41 index 41 
totalStepCount is 742 stepCount 7 pointCount 42 index 42 
totalStepCount is 743 stepCount 7 pointCount 43 index 43 
totalStepCount is 744 stepCount 7 pointCount 44 index 44 
totalStepCount is 745 stepCount 7 pointCount 45 index 45 
totalStepCount is 746 stepCount 7 pointCount 46 index 46 
totalStepCount is 747 stepCount 7 pointCount 47 index 47 
totalStepCount is 748 stepCount 7 pointCount 48 index 48 
totalStepCount is 749 stepCount 7 pointCount 49 index 49 
totalStepCount is 750 stepCount 7 pointCount 50 index 50 
totalStepCount is 751 stepCount 7 pointCount 51 index 51 
totalStepCount is 752 stepCount 7 pointCount 52 index 52 
totalStepCount is 753 stepCount 7 pointCount 53 index 53 
totalStepCount is 754 stepCount 7 pointCount 54 index 54 
totalStepCount is 755 stepCount 7 pointCount 55 index 55 
totalStepCount is 756 stepCount 7 pointCount 56 index 56 
totalStepCount is 757 stepCount 7 pointCount 57 index 57 
totalStepCount is 758 stepCount 7 pointCount 58 index 58 
totalStepCount is 759 stepCount 7 pointCount 59 index 59 
totalStepCount is 760 stepCount 7 pointCount 60 index 60 
totalStepCount is 761 stepCount 7 pointCount 61 index 61 
totalStepCount is 762 stepCount 7 pointCount 62 index 62 
totalStepCount is 763 stepCount 7 pointCount 63 index 63 
totalStepCount is 764 stepCount 7 pointCount 64 index 64 
totalStepCount is 765 stepCount 7 pointCount 65 index 65 
totalStepCount is 766 stepCount 7 pointCount 66 index 66 
totalStepCount is 767 stepCount 7 pointCount 67 index 67 
totalStepCount is 320 stepCount 3 pointCount 20 index 20 
totalStepCount is 321 stepCount 3 pointCount 21 index 21 
totalStepCount is 322 stepCount 3 pointCount 22 index 22 
totalStepCount is 323 stepCount 3 pointCount 23 index 23 
totalStepCount is 324 stepCount 3 pointCount 24 index 24 
totalStepCount is 325 stepCount 3 pointCount 25 index 25 
totalStepCount is 326 stepCount 3 pointCount 26 index 26 
totalStepCount is 327 stepCount 3 pointCount 27 index 27 
totalStepCount is 328 stepCount 3 pointCount 28 index 28 
totalStepCount is 329 stepCount 3 pointCount 29 index 29 
totalStepCount is 330 stepCount 3 pointCount 30 index 30 
totalStepCount is 331 stepCount 3 pointCount 31 index 31 
totalStepCount is 332 stepCount 3 pointCount 32 index 32 
totalStepCount is 333 stepCount 3 pointCount 33 index 33 
totalStepCount is 334 stepCount 3 pointCount 34 index 34 
totalStepCount is 335 stepCount 3 pointCount 35 index 35 
totalStepCount is 336 stepCount 3 pointCount 36 index 36 
totalStepCount is 337 stepCount 3 pointCount 37 index 37 
totalStepCount is 338 stepCount 3 pointCount 38 index 38 
totalStepCount is 339 stepCount 3 pointCount 39 index 39 
totalStepCount is 340 stepCount 3 pointCount 40 index 40 
totalStepCount is 341 stepCount 3 pointCount 41 index 41 
totalStepCount is 342 stepCount 3 pointCount 42 index 42 
totalStepCount is 343 stepCount 3 pointCount 43 index 43 
totalStepCount is 344 stepCount 3 pointCount 44 index 44 
totalStepCount is 345 stepCount 3 pointCount 45 index 45 
totalStepCount is 346 stepCount 3 pointCount 46 index 46 
totalStepCount is 347 stepCount 3 pointCount 47 index 47 
totalStepCount is 348 stepCount 3 pointCount 48 index 48 
totalStepCount is 349 stepCount 3 pointCount 49 index 49 
totalStepCount is 350 stepCount 3 pointCount 50 index 50 
totalStepCount is 351 stepCount 3 pointCount 51 index 51 
totalStepCount is 0 stepCount 0 pointCount 0 index 0 
totalStepCount is 1 stepCount 0 pointCount 1 index 1 
totalStepCount is 2 stepCount 0 pointCount 2 index 2 
totalStepCount is 3 stepCount 0 pointCount 3 index 3 
totalStepCount is 4 stepCount 0 pointCount 4 index 4 
totalStepCount is 5 stepCount 0 pointCount 5 index 5 
totalStepCount is 6 stepCount 0 pointCount 6 index 6 
totalStepCount is 7 stepCount 0 pointCount 7 index 7 
totalStepCount is 8 stepCount 0 pointCount 8 index 8 
totalStepCount is 9 stepCount 0 pointCount 9 index 9 
totalStepCount is 10 stepCount 0 pointCount 10 index 10 
totalStepCount is 11 stepCount 0 pointCount 11 index 11 
totalStepCount is 12 stepCount 0 pointCount 12 index 12 
totalStepCount is 13 stepCount 0 pointCount 13 index 13 
totalStepCount is 14 stepCount 0 pointCount 14 index 14 
totalStepCount is 15 stepCount 0 pointCount 15 index 15 
totalStepCount is 16 stepCount 0 pointCount 16 index 16 
totalStepCount is 17 stepCount 0 pointCount 17 index 17 
totalStepCount is 18 stepCount 0 pointCount 18 index 18 
totalStepCount is 19 stepCount 0 pointCount 19 index 19 
totalStepCount is 20 stepCount 0 pointCount 20 index 20 
totalStepCount is 21 stepCount 0 pointCount 21 index 21 
totalStepCount is 22 stepCount 0 pointCount 22 index 22 
totalStepCount is 23 stepCount 0 pointCount 23 index 23 
totalStepCount is 24 stepCount 0 pointCount 24 index 24 
totalStepCount is 25 stepCount 0 pointCount 25 index 25 
totalStepCount is 26 stepCount 0 pointCount 26 index 26 
totalStepCount is 27 stepCount 0 pointCount 27 index 27 
totalStepCount is 28 stepCount 0 pointCount 28 index 28 
totalStepCount is 29 stepCount 0 pointCount 29 index 29 
totalStepCount is 30 stepCount 0 pointCount 30 index 30 
totalStepCount is 31 stepCount 0 pointCount 31 index 31 
totalStepCount is 416 stepCount 4 pointCount 16 index 16 
totalStepCount is 417 stepCount 4 pointCount 17 index 17 
totalStepCount is 418 stepCount 4 pointCount 18 index 18 
totalStepCount is 419 stepCount 4 pointCount 19 index 19 
totalStepCount is 420 stepCount 4 pointCount 20 index 20 
totalStepCount is 421 stepCount 4 pointCount 21 index 21 
totalStepCount is 422 stepCount 4 pointCount 22 index 22 
totalStepCount is 423 stepCount 4 pointCount 23 index 23 
totalStepCount is 424 stepCount 4 pointCount 24 index 24 
totalStepCount is 425 stepCount 4 pointCount 25 index 25 
totalStepCount is 426 stepCount 4 pointCount 26 index 26 
totalStepCount is 427 stepCount 4 pointCount 27 index 27 
totalStepCount is 428 stepCount 4 pointCount 28 index 28 
totalStepCount is 429 stepCount 4 pointCount 29 index 29 
totalStepCount is 430 stepCount 4 pointCount 30 index 30 
totalStepCount is 431 stepCount 4 pointCount 31 index 31 
totalStepCount is 432 stepCount 4 pointCount 32 index 32 
totalStepCount is 433 stepCount 4 pointCount 33 index 33 
totalStepCount is 434 stepCount 4 pointCount 34 index 34 
totalStepCount is 435 stepCount 4 pointCount 35 index 35 
totalStepCount is 436 stepCount 4 pointCount 36 index 36 
totalStepCount is 437 stepCount 4 pointCount 37 index 37 
totalStepCount is 438 stepCount 4 pointCount 38 index 38 
totalStepCount is 439 stepCount 4 pointCount 39 index 39 
totalStepCount is 440 stepCount 4 pointCount 40 index 40 
totalStepCount is 441 stepCount 4 pointCount 41 index 41 
totalStepCount is 442 stepCount 4 pointCount 42 index 42 
totalStepCount is 443 stepCount 4 pointCount 43 index 43 
totalStepCount is 444 stepCount 4 pointCount 44 index 44 
totalStepCount is 445 stepCount 4 pointCount 45 index 45 
totalStepCount is 446 stepCount 4 pointCount 46 index 46 
totalStepCount is 447 stepCount 4 pointCount 47 index 47 
totalStepCount is 576 stepCount 5 pointCount 76 index 76 
totalStepCount is 577 stepCount 5 pointCount 77 index 77 
totalStepCount is 578 stepCount 5 pointCount 78 index 78 
totalStepCount is 579 stepCount 5 pointCount 79 index 79 
totalStepCount is 580 stepCount 5 pointCount 80 index 80 
totalStepCount is 581 stepCount 5 pointCount 81 index 81 
totalStepCount is 582 stepCount 5 pointCount 82 index 82 
totalStepCount is 583 stepCount 5 pointCount 83 index 83 
totalStepCount is 584 stepCount 5 pointCount 84 index 84 
totalStepCount is 585 stepCount 5 pointCount 85 index 85 
totalStepCount is 586 stepCount 5 pointCount 86 index 86 
totalStepCount is 587 stepCount 5 pointCount 87 index 87 
totalStepCount is 588 stepCount 5 pointCount 88 index 88 
totalStepCount is 589 stepCount 5 pointCount 89 index 89 
totalStepCount is 590 stepCount 5 pointCount 90 index 90 
totalStepCount is 591 stepCount 5 pointCount 91 index 91 
totalStepCount is 592 stepCount 5 pointCount 92 index 92 
totalStepCount is 593 stepCount 5 pointCount 93 index 93 
totalStepCount is 594 stepCount 5 pointCount 94 index 94 
totalStepCount is 595 stepCount 5 pointCount 95 index 95 
totalStepCount is 596 stepCount 5 pointCount 96 index 96 
totalStepCount is 597 stepCount 5 pointCount 97 index 97 
totalStepCount is 598 stepCount 5 pointCount 98 index 98 
totalStepCount is 599 stepCount 5 pointCount 99 index 99 
totalStepCount is 600 stepCount 6 pointCount 0 index 0 
totalStepCount is 601 stepCount 6 pointCount 1 index 1 
totalStepCount is 602 stepCount 6 pointCount 2 index 2 
totalStepCount is 603 stepCount 6 pointCount 3 index 3 
totalStepCount is 604 stepCount 6 pointCount 4 index 4 
totalStepCount is 605 stepCount 6 pointCount 5 index 5 
totalStepCount is 606 stepCount 6 pointCount 6 index 6 
totalStepCount is 607 stepCount 6 pointCount 7 index 7 
totalStepCount is 384 stepCount 3 pointCount 84 index 84 
totalStepCount is 385 stepCount 3 pointCount 85 index 85 
totalStepCount is 386 stepCount 3 pointCount 86 index 86 
totalStepCount is 387 stepCount 3 pointCount 87 index 87 
totalStepCount is 388 stepCount 3 pointCount 88 index 88 
totalStepCount is 389 stepCount 3 pointCount 89 index 89 
totalStepCount is 390 stepCount 3 pointCount 90 index 90 
totalStepCount is 391 stepCount 3 pointCount 91 index 91 
totalStepCount is 392 stepCount 3 pointCount 92 index 92 
totalStepCount is 393 stepCount 3 pointCount 93 index 93 
totalStepCount is 394 stepCount 3 pointCount 94 index 94 
totalStepCount is 395 stepCount 3 pointCount 95 index 95 
totalStepCount is 396 stepCount 3 pointCount 96 index 96 
totalStepCount is 397 stepCount 3 pointCount 97 index 97 
totalStepCount is 398 stepCount 3 pointCount 98 index 98 
totalStepCount is 399 stepCount 3 pointCount 99 index 99 
totalStepCount is 400 stepCount 4 pointCount 0 index 0 
totalStepCount is 401 stepCount 4 pointCount 1 index 1 
totalStepCount is 402 stepCount 4 pointCount 2 index 2 
totalStepCount is 403 stepCount 4 pointCount 3 index 3 
totalStepCount is 404 stepCount 4 pointCount 4 index 4 
totalStepCount is 405 stepCount 4 pointCount 5 index 5 
totalStepCount is 406 stepCount 4 pointCount 6 index 6 
totalStepCount is 407 stepCount 4 pointCount 7 index 7 
totalStepCount is 408 stepCount 4 pointCount 8 index 8 
totalStepCount is 409 stepCount 4 pointCount 9 index 9 
totalStepCount is 410 stepCount 4 pointCount 10 index 10 
totalStepCount is 411 stepCount 4 pointCount 11 index 11 
totalStepCount is 412 stepCount 4 pointCount 12 index 12 
totalStepCount is 413 stepCount 4 pointCount 13 index 13 
totalStepCount is 414 stepCount 4 pointCount 14 index 14 
totalStepCount is 415 stepCount 4 pointCount 15 index 15 
totalStepCount is 192 stepCount 1 pointCount 92 index 92 
totalStepCount is 193 stepCount 1 pointCount 93 index 93 
totalStepCount is 194 stepCount 1 pointCount 94 index 94 
totalStepCount is 195 stepCount 1 pointCount 95 index 95 
totalStepCount is 196 stepCount 1 pointCount 96 index 96 
totalStepCount is 197 stepCount 1 pointCount 97 index 97 
totalStepCount is 198 stepCount 1 pointCount 98 index 98 
totalStepCount is 199 stepCount 1 pointCount 99 index 99 
totalStepCount is 200 stepCount 2 pointCount 0 index 0 
totalStepCount is 201 stepCount 2 pointCount 1 index 1 
totalStepCount is 202 stepCount 2 pointCount 2 index 2 
totalStepCount is 203 stepCount 2 pointCount 3 index 3 
totalStepCount is 204 stepCount 2 pointCount 4 index 4 
totalStepCount is 205 stepCount 2 pointCount 5 index 5 
totalStepCount is 206 stepCount 2 pointCount 6 index 6 
totalStepCount is 207 stepCount 2 pointCount 7 index 7 
totalStepCount is 208 stepCount 2 pointCount 8 index 8 
totalStepCount is 209 stepCount 2 pointCount 9 index 9 
totalStepCount is 210 stepCount 2 pointCount 10 index 10 
totalStepCount is 211 stepCount 2 pointCount 11 index 11 
totalStepCount is 212 stepCount 2 pointCount 12 index 12 
totalStepCount is 213 stepCount 2 pointCount 13 index 13 
totalStepCount is 214 stepCount 2 pointCount 14 index 14 
totalStepCount is 215 stepCount 2 pointCount 15 index 15 
totalStepCount is 216 stepCount 2 pointCount 16 index 16 
totalStepCount is 217 stepCount 2 pointCount 17 index 17 
totalStepCount is 218 stepCount 2 pointCount 18 index 18 
totalStepCount is 219 stepCount 2 pointCount 19 index 19 
totalStepCount is 220 stepCount 2 pointCount 20 index 20 
totalStepCount is 221 stepCount 2 pointCount 21 index 21 
totalStepCount is 222 stepCount 2 pointCount 22 index 22 
totalStepCount is 223 stepCount 2 pointCount 23 index 23 
totalStepCount is 512 stepCount 5 pointCount 12 index 12 
totalStepCount is 513 stepCount 5 pointCount 13 index 13 
totalStepCount is 514 stepCount 5 pointCount 14 index 14 
totalStepCount is 515 stepCount 5 pointCount 15 index 15 
totalStepCount is 516 stepCount 5 pointCount 16 index 16 
totalStepCount is 517 stepCount 5 pointCount 17 index 17 
totalStepCount is 518 stepCount 5 pointCount 18 index 18 
totalStepCount is 519 stepCount 5 pointCount 19 index 19 
totalStepCount is 520 stepCount 5 pointCount 20 index 20 
totalStepCount is 521 stepCount 5 pointCount 21 index 21 
totalStepCount is 522 stepCount 5 pointCount 22 index 22 
totalStepCount is 523 stepCount 5 pointCount 23 index 23 
totalStepCount is 524 stepCount 5 pointCount 24 index 24 
totalStepCount is 525 stepCount 5 pointCount 25 index 25 
totalStepCount is 526 stepCount 5 pointCount 26 index 26 
totalStepCount is 527 stepCount 5 pointCount 27 index 27 
totalStepCount is 528 stepCount 5 pointCount 28 index 28 
totalStepCount is 529 stepCount 5 pointCount 29 index 29 
totalStepCount is 530 stepCount 5 pointCount 30 index 30 
totalStepCount is 531 stepCount 5 pointCount 31 index 31 
totalStepCount is 532 stepCount 5 pointCount 32 index 32 
totalStepCount is 533 stepCount 5 pointCount 33 index 33 
totalStepCount is 534 stepCount 5 pointCount 34 index 34 
totalStepCount is 535 stepCount 5 pointCount 35 index 35 
totalStepCount is 536 stepCount 5 pointCount 36 index 36 
totalStepCount is 537 stepCount 5 pointCount 37 index 37 
totalStepCount is 538 stepCount 5 pointCount 38 index 38 
totalStepCount is 539 stepCount 5 pointCount 39 index 39 
totalStepCount is 540 stepCount 5 pointCount 40 index 40 
totalStepCount is 541 stepCount 5 pointCount 41 index 41 
totalStepCount is 542 stepCount 5 pointCount 42 index 42 
totalStepCount is 543 stepCount 5 pointCount 43 index 43 
totalStepCount is 288 stepCount 2 pointCount 88 index 88 
totalStepCount is 289 stepCount 2 pointCount 89 index 89 
totalStepCount is 290 stepCount 2 pointCount 90 index 90 
totalStepCount is 291 stepCount 2 pointCount 91 index 91 
totalStepCount is 292 stepCount 2 pointCount 92 index 92 
totalStepCount is 293 stepCount 2 pointCount 93 index 93 
totalStepCount is 294 stepCount 2 pointCount 94 index 94 
totalStepCount is 295 stepCount 2 pointCount 95 index 95 
totalStepCount is 296 stepCount 2 pointCount 96 index 96 
totalStepCount is 297 stepCount 2 pointCount 97 index 97 
totalStepCount is 298 stepCount 2 pointCount 98 index 98 
totalStepCount is 299 stepCount 2 pointCount 99 index 99 
totalStepCount is 300 stepCount 3 pointCount 0 index 0 
totalStepCount is 301 stepCount 3 pointCount 1 index 1 
totalStepCount is 302 stepCount 3 pointCount 2 index 2 
totalStepCount is 303 stepCount 3 pointCount 3 index 3 
totalStepCount is 304 stepCount 3 pointCount 4 index 4 
totalStepCount is 305 stepCount 3 pointCount 5 index 5 
totalStepCount is 306 stepCount 3 pointCount 6 index 6 
totalStepCount is 307 stepCount 3 pointCount 7 index 7 
totalStepCount is 308 stepCount 3 pointCount 8 index 8 
totalStepCount is 309 stepCount 3 pointCount 9 index 9 
totalStepCount is 310 stepCount 3 pointCount 10 index 10 
totalStepCount is 311 stepCount 3 pointCount 11 index 11 
totalStepCount is 312 stepCount 3 pointCount 12 index 12 
totalStepCount is 313 stepCount 3 pointCount 13 index 13 
totalStepCount is 314 stepCount 3 pointCount 14 index 14 
totalStepCount is 315 stepCount 3 pointCount 15 index 15 
totalStepCount is 316 stepCount 3 pointCount 16 index 16 
totalStepCount is 317 stepCount 3 pointCount 17 index 17 
totalStepCount is 318 stepCount 3 pointCount 18 index 18 
totalStepCount is 319 stepCount 3 pointCount 19 index 19 
totalStepCount is 640 stepCount 6 pointCount 40 index 40 
totalStepCount is 641 stepCount 6 pointCount 41 index 41 
totalStepCount is 642 stepCount 6 pointCount 42 index 42 
totalStepCount is 643 stepCount 6 pointCount 43 index 43 
totalStepCount is 644 stepCount 6 pointCount 44 index 44 
totalStepCount is 645 stepCount 6 pointCount 45 index 45 
totalStepCount is 646 stepCount 6 pointCount 46 index 46 
totalStepCount is 647 stepCount 6 pointCount 47 index 47 
totalStepCount is 648 stepCount 6 pointCount 48 index 48 
totalStepCount is 649 stepCount 6 pointCount 49 index 49 
totalStepCount is 650 stepCount 6 pointCount 50 index 50 
totalStepCount is 651 stepCount 6 pointCount 51 index 51 
totalStepCount is 652 stepCount 6 pointCount 52 index 52 
totalStepCount is 653 stepCount 6 pointCount 53 index 53 
totalStepCount is 654 stepCount 6 pointCount 54 index 54 
totalStepCount is 655 stepCount 6 pointCount 55 index 55 
totalStepCount is 656 stepCount 6 pointCount 56 index 56 
totalStepCount is 657 stepCount 6 pointCount 57 index 57 
totalStepCount is 658 stepCount 6 pointCount 58 index 58 
totalStepCount is 659 stepCount 6 pointCount 59 index 59 
totalStepCount is 660 stepCount 6 pointCount 60 index 60 
totalStepCount is 661 stepCount 6 pointCount 61 index 61 
totalStepCount is 662 stepCount 6 pointCount 62 index 62 
totalStepCount is 663 stepCount 6 pointCount 63 index 63 
totalStepCount is 664 stepCount 6 pointCount 64 index 64 
totalStepCount is 665 stepCount 6 pointCount 65 index 65 
totalStepCount is 666 stepCount 6 pointCount 66 index 66 
totalStepCount is 667 stepCount 6 pointCount 67 index 67 
totalStepCount is 668 stepCount 6 pointCount 68 index 68 
totalStepCount is 669 stepCount 6 pointCount 69 index 69 
totalStepCount is 670 stepCount 6 pointCount 70 index 70 
totalStepCount is 671 stepCount 6 pointCount 71 index 71 
totalStepCount is 544 stepCount 5 pointCount 44 index 44 
totalStepCount is 545 stepCount 5 pointCount 45 index 45 
totalStepCount is 546 stepCount 5 pointCount 46 index 46 
totalStepCount is 547 stepCount 5 pointCount 47 index 47 
totalStepCount is 548 stepCount 5 pointCount 48 index 48 
totalStepCount is 549 stepCount 5 pointCount 49 index 49 
totalStepCount is 550 stepCount 5 pointCount 50 index 50 
totalStepCount is 551 stepCount 5 pointCount 51 index 51 
totalStepCount is 552 stepCount 5 pointCount 52 index 52 
totalStepCount is 553 stepCount 5 pointCount 53 index 53 
totalStepCount is 554 stepCount 5 pointCount 54 index 54 
totalStepCount is 555 stepCount 5 pointCount 55 index 55 
totalStepCount is 556 stepCount 5 pointCount 56 index 56 
totalStepCount is 557 stepCount 5 pointCount 57 index 57 
totalStepCount is 558 stepCount 5 pointCount 58 index 58 
totalStepCount is 559 stepCount 5 pointCount 59 index 59 
totalStepCount is 560 stepCount 5 pointCount 60 index 60 
totalStepCount is 561 stepCount 5 pointCount 61 index 61 
totalStepCount is 562 stepCount 5 pointCount 62 index 62 
totalStepCount is 563 stepCount 5 pointCount 63 index 63 
totalStepCount is 564 stepCount 5 pointCount 64 index 64 
totalStepCount is 565 stepCount 5 pointCount 65 index 65 
totalStepCount is 566 stepCount 5 pointCount 66 index 66 
totalStepCount is 567 stepCount 5 pointCount 67 index 67 
totalStepCount is 568 stepCount 5 pointCount 68 index 68 
totalStepCount is 569 stepCount 5 pointCount 69 index 69 
totalStepCount is 570 stepCount 5 pointCount 70 index 70 
totalStepCount is 571 stepCount 5 pointCount 71 index 71 
totalStepCount is 572 stepCount 5 pointCount 72 index 72 
totalStepCount is 573 stepCount 5 pointCount 73 index 73 
totalStepCount is 574 stepCount 5 pointCount 74 index 74 
totalStepCount is 575 stepCount 5 pointCount 75 index 75 
totalStepCount is 768 stepCount 7 pointCount 68 index 68 
totalStepCount is 769 stepCount 7 pointCount 69 index 69 
totalStepCount is 770 stepCount 7 pointCount 70 index 70 
totalStepCount is 771 stepCount 7 pointCount 71 index 71 
totalStepCount is 772 stepCount 7 pointCount 72 index 72 
totalStepCount is 773 stepCount 7 pointCount 73 index 73 
totalStepCount is 774 stepCount 7 pointCount 74 index 74 
totalStepCount is 775 stepCount 7 pointCount 75 index 75 
totalStepCount is 776 stepCount 7 pointCount 76 index 76 
totalStepCount is 777 stepCount 7 pointCount 77 index 77 
totalStepCount is 778 stepCount 7 pointCount 78 index 78 
totalStepCount is 779 stepCount 7 pointCount 79 index 79 
totalStepCount is 780 stepCount 7 pointCount 80 index 80 
totalStepCount is 781 stepCount 7 pointCount 81 index 81 
totalStepCount is 782 stepCount 7 pointCount 82 index 82 
totalStepCount is 783 stepCount 7 pointCount 83 index 83 
totalStepCount is 784 stepCount 7 pointCount 84 index 84 
totalStepCount is 785 stepCount 7 pointCount 85 index 85 
totalStepCount is 786 stepCount 7 pointCount 86 index 86 
totalStepCount is 787 stepCount 7 pointCount 87 index 87 
totalStepCount is 788 stepCount 7 pointCount 88 index 88 
totalStepCount is 789 stepCount 7 pointCount 89 index 89 
totalStepCount is 790 stepCount 7 pointCount 90 index 90 
totalStepCount is 791 stepCount 7 pointCount 91 index 91 
totalStepCount is 792 stepCount 7 pointCount 92 index 92 
totalStepCount is 793 stepCount 7 pointCount 93 index 93 
totalStepCount is 794 stepCount 7 pointCount 94 index 94 
totalStepCount is 795 stepCount 7 pointCount 95 index 95 
totalStepCount is 796 stepCount 7 pointCount 96 index 96 
totalStepCount is 797 stepCount 7 pointCount 97 index 97 
totalStepCount is 798 stepCount 7 pointCount 98 index 98 
totalStepCount is 799 stepCount 7 pointCount 99 index 99 
totalStepCount is 896 stepCount 8 pointCount 96 index 96 
totalStepCount is 897 stepCount 8 pointCount 97 index 97 
totalStepCount is 898 stepCount 8 pointCount 98 index 98 
totalStepCount is 899 stepCount 8 pointCount 99 index 99 
totalStepCount is 900 stepCount 9 pointCount 0 index 0 
totalStepCount is 901 stepCount 9 pointCount 1 index 1 
totalStepCount is 902 stepCount 9 pointCount 2 index 2 
totalStepCount is 903 stepCount 9 pointCount 3 index 3 
totalStepCount is 904 stepCount 9 pointCount 4 index 4 
totalStepCount is 905 stepCount 9 pointCount 5 index 5 
totalStepCount is 906 stepCount 9 pointCount 6 index 6 
totalStepCount is 907 stepCount 9 pointCount 7 index 7 
totalStepCount is 908 stepCount 9 pointCount 8 index 8 
totalStepCount is 909 stepCount 9 pointCount 9 index 9 
totalStepCount is 910 stepCount 9 pointCount 10 index 10 
totalStepCount is 911 stepCount 9 pointCount 11 index 11 
totalStepCount is 912 stepCount 9 pointCount 12 index 12 
totalStepCount is 913 stepCount 9 pointCount 13 index 13 
totalStepCount is 914 stepCount 9 pointCount 14 index 14 
totalStepCount is 915 stepCount 9 pointCount 15 index 15 
totalStepCount is 916 stepCount 9 pointCount 16 index 16 
totalStepCount is 917 stepCount 9 pointCount 17 index 17 
totalStepCount is 918 stepCount 9 pointCount 18 index 18 
totalStepCount is 919 stepCount 9 pointCount 19 index 19 
totalStepCount is 920 stepCount 9 pointCount 20 index 20 
totalStepCount is 921 stepCount 9 pointCount 21 index 21 
totalStepCount is 922 stepCount 9 pointCount 22 index 22 
totalStepCount is 923 stepCount 9 pointCount 23 index 23 
totalStepCount is 924 stepCount 9 pointCount 24 index 24 
totalStepCount is 925 stepCount 9 pointCount 25 index 25 
totalStepCount is 926 stepCount 9 pointCount 26 index 26 
totalStepCount is 927 stepCount 9 pointCount 27 index 27 
totalStepCount is 672 stepCount 6 pointCount 72 index 72 
totalStepCount is 673 stepCount 6 pointCount 73 index 73 
totalStepCount is 674 stepCount 6 pointCount 74 index 74 
totalStepCount is 675 stepCount 6 pointCount 75 index 75 
totalStepCount is 676 stepCount 6 pointCount 76 index 76 
totalStepCount is 677 stepCount 6 pointCount 77 index 77 
totalStepCount is 678 stepCount 6 pointCount 78 index 78 
totalStepCount is 679 stepCount 6 pointCount 79 index 79 
totalStepCount is 680 stepCount 6 pointCount 80 index 80 
totalStepCount is 681 stepCount 6 pointCount 81 index 81 
totalStepCount is 682 stepCount 6 pointCount 82 index 82 
totalStepCount is 683 stepCount 6 pointCount 83 index 83 
totalStepCount is 684 stepCount 6 pointCount 84 index 84 
totalStepCount is 685 stepCount 6 pointCount 85 index 85 
totalStepCount is 686 stepCount 6 pointCount 86 index 86 
totalStepCount is 687 stepCount 6 pointCount 87 index 87 
totalStepCount is 688 stepCount 6 pointCount 88 index 88 
totalStepCount is 689 stepCount 6 pointCount 89 index 89 
totalStepCount is 690 stepCount 6 pointCount 90 index 90 
totalStepCount is 691 stepCount 6 pointCount 91 index 91 
totalStepCount is 692 stepCount 6 pointCount 92 index 92 
totalStepCount is 693 stepCount 6 pointCount 93 index 93 
totalStepCount is 694 stepCount 6 pointCount 94 index 94 
totalStepCount is 695 stepCount 6 pointCount 95 index 95 
totalStepCount is 696 stepCount 6 pointCount 96 index 96 
totalStepCount is 697 stepCount 6 pointCount 97 index 97 
totalStepCount is 698 stepCount 6 pointCount 98 index 98 
totalStepCount is 699 stepCount 6 pointCount 99 index 99 
totalStepCount is 700 stepCount 7 pointCount 0 index 0 
totalStepCount is 701 stepCount 7 pointCount 1 index 1 
totalStepCount is 702 stepCount 7 pointCount 2 index 2 
totalStepCount is 703 stepCount 7 pointCount 3 index 3 
totalStepCount is 864 stepCount 8 pointCount 64 index 64 
totalStepCount is 865 stepCount 8 pointCount 65 index 65 
totalStepCount is 866 stepCount 8 pointCount 66 index 66 
totalStepCount is 867 stepCount 8 pointCount 67 index 67 
totalStepCount is 868 stepCount 8 pointCount 68 index 68 
totalStepCount is 869 stepCount 8 pointCount 69 index 69 
totalStepCount is 870 stepCount 8 pointCount 70 index 70 
totalStepCount is 871 stepCount 8 pointCount 71 index 71 
totalStepCount is 872 stepCount 8 pointCount 72 index 72 
totalStepCount is 873 stepCount 8 pointCount 73 index 73 
totalStepCount is 874 stepCount 8 pointCount 74 index 74 
totalStepCount is 875 stepCount 8 pointCount 75 index 75 
totalStepCount is 876 stepCount 8 pointCount 76 index 76 
totalStepCount is 877 stepCount 8 pointCount 77 index 77 
totalStepCount is 878 stepCount 8 pointCount 78 index 78 
totalStepCount is 879 stepCount 8 pointCount 79 index 79 
totalStepCount is 880 stepCount 8 pointCount 80 index 80 
totalStepCount is 881 stepCount 8 pointCount 81 index 81 
totalStepCount is 882 stepCount 8 pointCount 82 index 82 
totalStepCount is 883 stepCount 8 pointCount 83 index 83 
totalStepCount is 884 stepCount 8 pointCount 84 index 84 
totalStepCount is 885 stepCount 8 pointCount 85 index 85 
totalStepCount is 886 stepCount 8 pointCount 86 index 86 
totalStepCount is 887 stepCount 8 pointCount 87 index 87 
totalStepCount is 888 stepCount 8 pointCount 88 index 88 
totalStepCount is 889 stepCount 8 pointCount 89 index 89 
totalStepCount is 890 stepCount 8 pointCount 90 index 90 
totalStepCount is 891 stepCount 8 pointCount 91 index 91 
totalStepCount is 892 stepCount 8 pointCount 92 index 92 
totalStepCount is 893 stepCount 8 pointCount 93 index 93 
totalStepCount is 894 stepCount 8 pointCount 94 index 94 
totalStepCount is 895 stepCount 8 pointCount 95 index 95 
Sampling done in 3.67748 seconds.
